2016-11-06 : 10-01-55 : PLAYER CÔTÉ CINÉ/VIDÉOS/720p/50040 vf fa1.mp4 n'existe pas sur le serveur ;
2016-11-06 : 10-01-55 : PLAYER CÔTÉ CINÉ/IMAGES/FILMS/.JPG n'existe pas sur le serveur ;
2016-11-06 : 10-01-56 : VIDEOS/50963 vf fa1.mp4 téléchargé ;
2016-11-06 : 10-02-00 : VIDEOS/50457 vo prefa1.mp4 téléchargé ;
2016-11-06 : 10-02-01 : VIDEOS/229359 vo prefa1.mp4 téléchargé ;
2016-11-06 : 10-02-04 : VIDEOS/50458 vo prefa1.mp4 téléchargé ;
2016-11-06 : 10-02-06 : VIDEOS/51588 vf prefa1.mp4 téléchargé ;
2016-11-06 : 10-02-20 : VIDEOS/51048 vf fa1.mp4 téléchargé ;
2016-11-06 : 10-02-24 : IMAGES/FILMS/50457.JPG téléchargé ;
2016-11-06 : 10-02-24 : IMAGES/FILMS/229359.JPG téléchargé ;
2016-11-06 : 10-02-24 : IMAGES/FILMS/50458.JPG téléchargé ;
2016-11-06 : 10-02-24 : IMAGES/FILMS/51048.JPG téléchargé ;
2016-11-06 : 10-02-34 : IMAGES/FILMS/241480.JPG téléchargé ;
2016-11-06 : 10-02-34 : IMAGES/FILMS/51588.JPG téléchargé ;
2016-11-06 : 10-05-33 : PLAYER CÔTÉ CINÉ/VIDÉOS/720p/50040 vf fa1.mp4 n'existe pas sur le serveur ;
2016-11-06 : 10-05-34 : PLAYER CÔTÉ CINÉ/IMAGES/FILMS/.JPG n'existe pas sur le serveur ;
2016-11-06 : 10-08-32 : PLAYER CÔTÉ CINÉ/VIDÉOS/720p/50040 vf fa1.mp4 n'existe pas sur le serveur ;
2016-11-06 : 10-08-33 : PLAYER CÔTÉ CINÉ/IMAGES/FILMS/.JPG n'existe pas sur le serveur ;
2016-11-06 : 10-12-37 : PLAYER CÔTÉ CINÉ/VIDÉOS/720p/50040 vf fa1.mp4 n'existe pas sur le serveur ;
2016-11-06 : 10-12-38 : PLAYER CÔTÉ CINÉ/IMAGES/FILMS/.JPG n'existe pas sur le serveur ;
2016-11-06 : 10-16-06 : PLAYER CÔTÉ CINÉ/VIDÉOS/720p/50040 vf fa1.mp4 n'existe pas sur le serveur ;
2016-11-06 : 10-16-06 : PLAYER CÔTÉ CINÉ/IMAGES/FILMS/.JPG n'existe pas sur le serveur ;
2016-11-06 : 10-24-53 : PLAYER CÔTÉ CINÉ/VIDÉOS/720p/50040 vf fa1.mp4 n'existe pas sur le serveur ;
2016-11-06 : 10-24-53 : PLAYER CÔTÉ CINÉ/IMAGES/FILMS/.JPG n'existe pas sur le serveur ;
2016-11-06 : 12-14-32 : PLAYER CÔTÉ CINÉ/VIDÉOS/720p/50040 vf fa1.mp4 n'existe pas sur le serveur ;
2016-11-06 : 12-14-32 : PLAYER CÔTÉ CINÉ/IMAGES/FILMS/.JPG n'existe pas sur le serveur ;
