2016-12-12 : 09-26-34 : PLAYER CÔTÉ CINÉ/VIDÉOS/720p/50040 vf fa1.mp4 n'existe pas sur le serveur ;
2016-12-12 : 09-26-34 : PLAYER CÔTÉ CINÉ/IMAGES/FILMS/.JPG n'existe pas sur le serveur ;
2016-12-12 : 09-26-34 : PLAYER CÔTÉ CINÉ/IMAGES/FILMS/46474.JPG n'existe pas sur le serveur ;
2016-12-12 : 09-26-34 : IMAGES/FILMS/245360.JPG téléchargé ;
2016-12-12 : 11-14-05 : PLAYER CÔTÉ CINÉ/VIDÉOS/720p/50040 vf fa1.mp4 n'existe pas sur le serveur ;
2016-12-12 : 11-14-05 : PLAYER CÔTÉ CINÉ/IMAGES/FILMS/.JPG n'existe pas sur le serveur ;
2016-12-12 : 11-14-05 : PLAYER CÔTÉ CINÉ/IMAGES/FILMS/46474.JPG n'existe pas sur le serveur ;
2016-12-12 : 11-21-02 : PLAYER CÔTÉ CINÉ/VIDÉOS/720p/50040 vf fa1.mp4 n'existe pas sur le serveur ;
2016-12-12 : 11-21-02 : PLAYER CÔTÉ CINÉ/IMAGES/FILMS/.JPG n'existe pas sur le serveur ;
2016-12-12 : 11-21-02 : PLAYER CÔTÉ CINÉ/IMAGES/FILMS/46474.JPG n'existe pas sur le serveur ;
2016-12-12 : 11-31-33 : PLAYER CÔTÉ CINÉ/VIDÉOS/720p/50040 vf fa1.mp4 n'existe pas sur le serveur ;
2016-12-12 : 11-31-33 : PLAYER CÔTÉ CINÉ/IMAGES/FILMS/.JPG n'existe pas sur le serveur ;
2016-12-12 : 11-31-33 : PLAYER CÔTÉ CINÉ/IMAGES/FILMS/46474.JPG n'existe pas sur le serveur ;
2016-12-12 : 11-37-15 :  téléchargé ;
2016-12-12 : 12-04-19 : PLAYER CÔTÉ CINÉ/VIDÉOS/720p/50040 vf fa1.mp4 n'existe pas sur le serveur ;
2016-12-12 : 12-04-19 : PLAYER CÔTÉ CINÉ/IMAGES/FILMS/.JPG n'existe pas sur le serveur ;
2016-12-12 : 12-04-19 : PLAYER CÔTÉ CINÉ/IMAGES/FILMS/46474.JPG n'existe pas sur le serveur ;
2016-12-12 : 13-13-51 : PLAYER CÔTÉ CINÉ/VIDÉOS/720p/50040 vf fa1.mp4 n'existe pas sur le serveur ;
2016-12-12 : 13-13-52 : PLAYER CÔTÉ CINÉ/IMAGES/FILMS/.JPG n'existe pas sur le serveur ;
2016-12-12 : 13-13-52 : PLAYER CÔTÉ CINÉ/IMAGES/FILMS/46474.JPG n'existe pas sur le serveur ;
2016-12-12 : 14-05-14 : PLAYER CÔTÉ CINÉ/VIDÉOS/720p/50040 vf fa1.mp4 n'existe pas sur le serveur ;
2016-12-12 : 14-05-14 : PLAYER CÔTÉ CINÉ/IMAGES/FILMS/.JPG n'existe pas sur le serveur ;
2016-12-12 : 14-05-14 : PLAYER CÔTÉ CINÉ/IMAGES/FILMS/46474.JPG n'existe pas sur le serveur ;
2016-12-12 : 14-21-26 : PLAYER CÔTÉ CINÉ/VIDÉOS/720p/50040 vf fa1.mp4 n'existe pas sur le serveur ;
2016-12-12 : 14-21-26 : PLAYER CÔTÉ CINÉ/IMAGES/FILMS/.JPG n'existe pas sur le serveur ;
2016-12-12 : 14-21-26 : PLAYER CÔTÉ CINÉ/IMAGES/FILMS/46474.JPG n'existe pas sur le serveur ;
2016-12-12 : 14-27-52 : PLAYER CÔTÉ CINÉ/VIDÉOS/720p/50040 vf fa1.mp4 n'existe pas sur le serveur ;
2016-12-12 : 14-27-52 : PLAYER CÔTÉ CINÉ/IMAGES/FILMS/.JPG n'existe pas sur le serveur ;
2016-12-12 : 14-27-53 : PLAYER CÔTÉ CINÉ/IMAGES/FILMS/46474.JPG n'existe pas sur le serveur ;
2016-12-12 : 14-38-11 : PLAYER CÔTÉ CINÉ/VIDÉOS/720p/50040 vf fa1.mp4 n'existe pas sur le serveur ;
2016-12-12 : 14-38-11 : PLAYER CÔTÉ CINÉ/IMAGES/FILMS/.JPG n'existe pas sur le serveur ;
2016-12-12 : 14-38-11 : PLAYER CÔTÉ CINÉ/IMAGES/FILMS/46474.JPG n'existe pas sur le serveur ;
2016-12-12 : 17-13-31 : PLAYER CÔTÉ CINÉ/VIDÉOS/720p/50040 vf fa1.mp4 n'existe pas sur le serveur ;
2016-12-12 : 17-13-31 : PLAYER CÔTÉ CINÉ/IMAGES/FILMS/.JPG n'existe pas sur le serveur ;
2016-12-12 : 17-13-31 : PLAYER CÔTÉ CINÉ/IMAGES/FILMS/46474.JPG n'existe pas sur le serveur ;
2016-12-12 : 17-13-31 : IMAGES/FILMS/244528.JPG téléchargé ;
2016-12-12 : 17-16-47 : PLAYER CÔTÉ CINÉ/VIDÉOS/720p/50040 vf fa1.mp4 n'existe pas sur le serveur ;
2016-12-12 : 17-16-47 : PLAYER CÔTÉ CINÉ/IMAGES/FILMS/.JPG n'existe pas sur le serveur ;
2016-12-12 : 17-16-47 : PLAYER CÔTÉ CINÉ/IMAGES/FILMS/46474.JPG n'existe pas sur le serveur ;
2016-12-12 : 18-09-26 : PLAYER CÔTÉ CINÉ/VIDÉOS/720p/50040 vf fa1.mp4 n'existe pas sur le serveur ;
2016-12-12 : 18-09-26 : PLAYER CÔTÉ CINÉ/IMAGES/FILMS/.JPG n'existe pas sur le serveur ;
2016-12-12 : 18-09-26 : PLAYER CÔTÉ CINÉ/IMAGES/FILMS/46474.JPG n'existe pas sur le serveur ;
