2016-08-18 : 11-13-42 : PLAYER CÔTÉ CINÉ/VIDÉOS/720p/50040 vf fa1.mp4 n'existe pas sur le serveur ;2016-08-18 : 11-13-42 : PLAYER CÔTÉ CINÉ/IMAGES/FILMS/.JPG n'existe pas sur le serveur ;2016-08-18 : 11-13-42 : PLAYER CÔTÉ CINÉ/AUTRES/IMAGES/1920x1080-02.jpeg n'existe pas sur le serveur ;2016-08-18 : 11-13-42 : PLAYER CÔTÉ CINÉ/AUTRES/IMAGES/portrait-01.jpeg n'existe pas sur le serveur ;2016-08-18 : 11-13-42 : PLAYER CÔTÉ CINÉ/AUTRES/IMAGES/portrait-02.jpeg n'existe pas sur le serveur ;2016-08-18 : 11-13-42 : PLAYER CÔTÉ CINÉ/AUTRES/IMAGES/portrait-03.jpeg n'existe pas sur le serveur ;2016-08-18 : 11-13-43 : PLAYER CÔTÉ CINÉ/AUTRES/IMAGES/portrait-04.jpeg n'existe pas sur le serveur ;2016-08-18 : 11-13-43 : PLAYER CÔTÉ CINÉ/AUTRES/IMAGES/1920x1080-01.jpeg n'existe pas sur le serveur ;2016-08-18 : 11-13-43 : PLAYER CÔTÉ CINÉ/AUTRES/VIDÉOS/8mo.mp4 n'existe pas sur le serveur ;2016-08-18 : 11-13-43 : VIDEOS/50532 vo fa1.mp4 téléchargé ;
2016-08-18 : 11-16-05 : VIDEOS/49877 vf fa1.mp4 téléchargé ;
2016-08-18 : 11-16-59 : VIDEOS/49862 vf prefa1.mp4 téléchargé ;
2016-08-18 : 11-18-12 : PLAYER CÔTÉ CINÉ/VIDÉOS/720p/50040 vf fa1.mp4 n'existe pas sur le serveur ;
2016-08-18 : 11-18-12 : PLAYER CÔTÉ CINÉ/IMAGES/FILMS/.JPG n'existe pas sur le serveur ;
2016-08-18 : 11-18-13 : PLAYER CÔTÉ CINÉ/AUTRES/IMAGES/1920x1080-02.jpeg n'existe pas sur le serveur ;
2016-08-18 : 11-18-13 : PLAYER CÔTÉ CINÉ/AUTRES/IMAGES/portrait-01.jpeg n'existe pas sur le serveur ;
2016-08-18 : 11-18-13 : PLAYER CÔTÉ CINÉ/AUTRES/IMAGES/portrait-02.jpeg n'existe pas sur le serveur ;
2016-08-18 : 11-18-13 : PLAYER CÔTÉ CINÉ/AUTRES/IMAGES/portrait-03.jpeg n'existe pas sur le serveur ;
2016-08-18 : 11-18-13 : PLAYER CÔTÉ CINÉ/AUTRES/IMAGES/portrait-04.jpeg n'existe pas sur le serveur ;
2016-08-18 : 11-18-13 : PLAYER CÔTÉ CINÉ/AUTRES/IMAGES/1920x1080-01.jpeg n'existe pas sur le serveur ;
2016-08-18 : 11-18-13 : PLAYER CÔTÉ CINÉ/AUTRES/VIDÉOS/8mo.mp4 n'existe pas sur le serveur ;
2016-08-18 : 11-18-13 : VIDEOS/50532 vo fa1.mp4 téléchargé ;
2016-08-18 : 11-20-35 : VIDEOS/50678 vf fa2.mp4 téléchargé ;
2016-08-18 : 11-21-29 : VIDEOS/50703 vf fa1.mp4 téléchargé ;
2016-08-18 : 11-22-23 : VIDEOS/49877 vf fa1.mp4 téléchargé ;
2016-08-18 : 11-23-21 : VIDEOS/42201 vf fa1.mp4 téléchargé ;
2016-08-18 : 11-24-15 : VIDEOS/51234 vo prefa1.mp4 téléchargé ;
2016-08-18 : 11-24-35 : VIDEOS/51491 vo prefa1.mp4 téléchargé ;
2016-08-18 : 11-24-55 : VIDEOS/50702 vo prefa1.mp4 téléchargé ;
2016-08-18 : 11-25-10 : VIDEOS/51304 vf prefa1.mp4 téléchargé ;
2016-08-18 : 11-25-45 : VIDEOS/9097 vo prefa1.mp4 téléchargé ;
2016-08-18 : 11-26-20 : VIDEOS/50753 vf fa1.mp4 téléchargé ;
2016-08-18 : 11-31-13 : PLAYER CÔTÉ CINÉ/VIDÉOS/720p/50040 vf fa1.mp4 n'existe pas sur le serveur ;
2016-08-18 : 11-31-13 : PLAYER CÔTÉ CINÉ/IMAGES/FILMS/.JPG n'existe pas sur le serveur ;
2016-08-18 : 11-31-14 : PLAYER CÔTÉ CINÉ/AUTRES/IMAGES/1920x1080-02.jpeg n'existe pas sur le serveur ;
2016-08-18 : 11-31-14 : PLAYER CÔTÉ CINÉ/AUTRES/IMAGES/portrait-01.jpeg n'existe pas sur le serveur ;
2016-08-18 : 11-31-14 : PLAYER CÔTÉ CINÉ/AUTRES/IMAGES/portrait-02.jpeg n'existe pas sur le serveur ;
2016-08-18 : 11-31-14 : PLAYER CÔTÉ CINÉ/AUTRES/IMAGES/portrait-03.jpeg n'existe pas sur le serveur ;
2016-08-18 : 11-31-14 : PLAYER CÔTÉ CINÉ/AUTRES/IMAGES/portrait-04.jpeg n'existe pas sur le serveur ;
2016-08-18 : 11-31-14 : PLAYER CÔTÉ CINÉ/AUTRES/VIDÉOS/8mo.mp4 n'existe pas sur le serveur ;
2016-08-18 : 11-31-14 : PLAYER CÔTÉ CINÉ/AUTRES/IMAGES/1920x1080-01.jpeg n'existe pas sur le serveur ;
2016-08-18 : 11-31-14 : VIDEOS/42201 vf fa1.mp4 téléchargé ;
2016-08-18 : 11-32-06 : VIDEOS/9097 vo fa1.mp4 téléchargé ;
2016-08-18 : 11-33-47 : VIDEOS/9097 vo prefa1.mp4 téléchargé ;
2016-08-18 : 11-34-24 : VIDEOS/49758 vf prefa1.mp4 téléchargé ;
2016-08-18 : 15-29-07 : PLAYER CÔTÉ CINÉ/VIDÉOS/720p/50040 vf fa1.mp4 n'existe pas sur le serveur ;
2016-08-18 : 15-29-07 : PLAYER CÔTÉ CINÉ/IMAGES/FILMS/.JPG n'existe pas sur le serveur ;
2016-08-18 : 15-29-07 : PLAYER CÔTÉ CINÉ/AUTRES/IMAGES/1920x1080-02.jpeg n'existe pas sur le serveur ;
2016-08-18 : 15-29-07 : PLAYER CÔTÉ CINÉ/AUTRES/IMAGES/portrait-01.jpeg n'existe pas sur le serveur ;
2016-08-18 : 15-29-07 : PLAYER CÔTÉ CINÉ/AUTRES/IMAGES/portrait-02.jpeg n'existe pas sur le serveur ;
2016-08-18 : 15-29-07 : PLAYER CÔTÉ CINÉ/AUTRES/IMAGES/portrait-03.jpeg n'existe pas sur le serveur ;
2016-08-18 : 15-29-08 : PLAYER CÔTÉ CINÉ/AUTRES/IMAGES/1920x1080-01.jpeg n'existe pas sur le serveur ;
2016-08-18 : 15-29-08 : PLAYER CÔTÉ CINÉ/AUTRES/IMAGES/portrait-04.jpeg n'existe pas sur le serveur ;
2016-08-18 : 15-29-08 : PLAYER CÔTÉ CINÉ/AUTRES/VIDÉOS/8mo.mp4 n'existe pas sur le serveur ;
2016-08-18 : 15-29-08 : VIDEOS/42201 vf fa1.mp4 téléchargé ;
2016-08-18 : 15-30-00 : VIDEOS/9097 vo fa1.mp4 téléchargé ;
2016-08-18 : 15-31-43 : VIDEOS/49877 vf fa1.mp4 téléchargé ;
2016-08-18 : 15-32-41 : VIDEOS/49758 vf prefa1.mp4 téléchargé ;
2016-08-18 : 15-32-58 : VIDEOS/9097 vo prefa1.mp4 téléchargé ;
2016-08-18 : 15-33-36 : VIDEOS/49862 vf prefa1.mp4 téléchargé ;
2016-08-18 : 16-06-51 : PLAYER CÔTÉ CINÉ/VIDÉOS/720p/50040 vf fa1.mp4 n'existe pas sur le serveur ;
2016-08-18 : 16-06-52 : PLAYER CÔTÉ CINÉ/IMAGES/FILMS/.JPG n'existe pas sur le serveur ;
2016-08-18 : 16-06-52 : PLAYER CÔTÉ CINÉ/AUTRES/IMAGES/portrait-01.jpeg n'existe pas sur le serveur ;
2016-08-18 : 16-06-52 : PLAYER CÔTÉ CINÉ/AUTRES/IMAGES/1920x1080-02.jpeg n'existe pas sur le serveur ;
2016-08-18 : 16-06-52 : PLAYER CÔTÉ CINÉ/AUTRES/IMAGES/portrait-02.jpeg n'existe pas sur le serveur ;
2016-08-18 : 16-06-52 : PLAYER CÔTÉ CINÉ/AUTRES/IMAGES/portrait-03.jpeg n'existe pas sur le serveur ;
2016-08-18 : 16-06-52 : PLAYER CÔTÉ CINÉ/AUTRES/IMAGES/portrait-04.jpeg n'existe pas sur le serveur ;
2016-08-18 : 16-06-53 : PLAYER CÔTÉ CINÉ/AUTRES/IMAGES/1920x1080-01.jpeg n'existe pas sur le serveur ;
2016-08-18 : 16-06-53 : PLAYER CÔTÉ CINÉ/AUTRES/VIDÉOS/8mo.mp4 n'existe pas sur le serveur ;
2016-08-18 : 16-06-53 : VIDEOS/51120 vf fa1.mp4 téléchargé ;
2016-08-18 : 16-07-40 : VIDEOS/50703 vf fa1.mp4 téléchargé ;
2016-08-18 : 16-08-37 : VIDEOS/51321 vo fa1.mp4 téléchargé ;
2016-08-18 : 16-10-30 : VIDEOS/51567 vf fa1.mp4 téléchargé ;
2016-08-18 : 16-11-22 : VIDEOS/51234 vo prefa1.mp4 téléchargé ;
2016-08-18 : 16-11-43 : VIDEOS/51491 vo prefa1.mp4 téléchargé ;
2016-08-18 : 16-12-03 : VIDEOS/50702 vo prefa1.mp4 téléchargé ;
2016-08-18 : 16-12-18 : VIDEOS/51304 vf prefa1.mp4 téléchargé ;
2016-08-18 : 16-12-56 : VIDEOS/50753 vf fa1.mp4 téléchargé ;
2016-08-18 : 16-35-09 : PLAYER CÔTÉ CINÉ/VIDÉOS/720p/50040 vf fa1.mp4 n'existe pas sur le serveur ;
2016-08-18 : 16-35-10 : PLAYER CÔTÉ CINÉ/IMAGES/FILMS/.JPG n'existe pas sur le serveur ;
2016-08-18 : 16-35-10 : PLAYER CÔTÉ CINÉ/AUTRES/IMAGES/1920x1080-02.jpeg n'existe pas sur le serveur ;
2016-08-18 : 16-35-10 : PLAYER CÔTÉ CINÉ/AUTRES/IMAGES/portrait-01.jpeg n'existe pas sur le serveur ;
2016-08-18 : 16-35-10 : PLAYER CÔTÉ CINÉ/AUTRES/IMAGES/portrait-03.jpeg n'existe pas sur le serveur ;
2016-08-18 : 16-35-10 : PLAYER CÔTÉ CINÉ/AUTRES/IMAGES/portrait-02.jpeg n'existe pas sur le serveur ;
2016-08-18 : 16-35-10 : PLAYER CÔTÉ CINÉ/AUTRES/IMAGES/1920x1080-01.jpeg n'existe pas sur le serveur ;
2016-08-18 : 16-35-10 : PLAYER CÔTÉ CINÉ/AUTRES/IMAGES/portrait-04.jpeg n'existe pas sur le serveur ;
2016-08-18 : 16-35-10 : PLAYER CÔTÉ CINÉ/AUTRES/VIDÉOS/8mo.mp4 n'existe pas sur le serveur ;
2016-08-18 : 17-43-52 : PLAYER CÔTÉ CINÉ/VIDÉOS/720p/50040 vf fa1.mp4 n'existe pas sur le serveur ;
2016-08-18 : 17-43-52 : PLAYER CÔTÉ CINÉ/IMAGES/FILMS/.JPG n'existe pas sur le serveur ;
2016-08-18 : 17-43-53 : PLAYER CÔTÉ CINÉ/AUTRES/IMAGES/1920x1080-02.jpeg n'existe pas sur le serveur ;
2016-08-18 : 17-43-53 : PLAYER CÔTÉ CINÉ/AUTRES/IMAGES/portrait-01.jpeg n'existe pas sur le serveur ;
2016-08-18 : 17-43-53 : PLAYER CÔTÉ CINÉ/AUTRES/IMAGES/portrait-02.jpeg n'existe pas sur le serveur ;
2016-08-18 : 17-43-53 : PLAYER CÔTÉ CINÉ/AUTRES/IMAGES/portrait-03.jpeg n'existe pas sur le serveur ;
2016-08-18 : 17-43-53 : PLAYER CÔTÉ CINÉ/AUTRES/IMAGES/portrait-04.jpeg n'existe pas sur le serveur ;
2016-08-18 : 17-43-53 : PLAYER CÔTÉ CINÉ/AUTRES/IMAGES/1920x1080-01.jpeg n'existe pas sur le serveur ;
2016-08-18 : 17-43-53 : PLAYER CÔTÉ CINÉ/AUTRES/VIDÉOS/8mo.mp4 n'existe pas sur le serveur ;
2016-08-18 : 17-43-53 : VIDEOS/50702 vo prefa1.mp4 téléchargé ;
2016-08-18 : 17-44-46 : PLAYER CÔTÉ CINÉ/VIDÉOS/720p/50040 vf fa1.mp4 n'existe pas sur le serveur ;
2016-08-18 : 17-44-46 : PLAYER CÔTÉ CINÉ/IMAGES/FILMS/.JPG n'existe pas sur le serveur ;
2016-08-18 : 17-44-47 : PLAYER CÔTÉ CINÉ/AUTRES/IMAGES/1920x1080-02.jpeg n'existe pas sur le serveur ;
2016-08-18 : 17-44-47 : PLAYER CÔTÉ CINÉ/AUTRES/IMAGES/portrait-01.jpeg n'existe pas sur le serveur ;
2016-08-18 : 17-44-47 : PLAYER CÔTÉ CINÉ/AUTRES/IMAGES/portrait-02.jpeg n'existe pas sur le serveur ;
2016-08-18 : 17-44-47 : PLAYER CÔTÉ CINÉ/AUTRES/IMAGES/portrait-03.jpeg n'existe pas sur le serveur ;
2016-08-18 : 17-44-47 : PLAYER CÔTÉ CINÉ/AUTRES/IMAGES/1920x1080-01.jpeg n'existe pas sur le serveur ;
2016-08-18 : 17-44-47 : PLAYER CÔTÉ CINÉ/AUTRES/IMAGES/portrait-04.jpeg n'existe pas sur le serveur ;
2016-08-18 : 17-44-47 : PLAYER CÔTÉ CINÉ/AUTRES/VIDÉOS/8mo.mp4 n'existe pas sur le serveur ;
2016-08-18 : 17-44-47 : VIDEOS/50702 vo prefa1.mp4 téléchargé ;
2016-08-18 : 17-45-33 : PLAYER CÔTÉ CINÉ/VIDÉOS/720p/50040 vf fa1.mp4 n'existe pas sur le serveur ;
2016-08-18 : 17-45-33 : PLAYER CÔTÉ CINÉ/IMAGES/FILMS/.JPG n'existe pas sur le serveur ;
2016-08-18 : 17-45-34 : PLAYER CÔTÉ CINÉ/AUTRES/IMAGES/1920x1080-02.jpeg n'existe pas sur le serveur ;
2016-08-18 : 17-45-34 : PLAYER CÔTÉ CINÉ/AUTRES/IMAGES/portrait-02.jpeg n'existe pas sur le serveur ;
2016-08-18 : 17-45-34 : PLAYER CÔTÉ CINÉ/AUTRES/IMAGES/portrait-01.jpeg n'existe pas sur le serveur ;
2016-08-18 : 17-45-34 : PLAYER CÔTÉ CINÉ/AUTRES/IMAGES/portrait-03.jpeg n'existe pas sur le serveur ;
2016-08-18 : 17-45-34 : PLAYER CÔTÉ CINÉ/AUTRES/IMAGES/portrait-04.jpeg n'existe pas sur le serveur ;
2016-08-18 : 17-45-34 : PLAYER CÔTÉ CINÉ/AUTRES/IMAGES/1920x1080-01.jpeg n'existe pas sur le serveur ;
2016-08-18 : 17-45-34 : PLAYER CÔTÉ CINÉ/AUTRES/VIDÉOS/8mo.mp4 n'existe pas sur le serveur ;
2016-08-18 : 17-47-04 : PLAYER CÔTÉ CINÉ/VIDÉOS/720p/50040 vf fa1.mp4 n'existe pas sur le serveur ;
2016-08-18 : 17-47-05 : PLAYER CÔTÉ CINÉ/IMAGES/FILMS/.JPG n'existe pas sur le serveur ;
2016-08-18 : 17-47-05 : PLAYER CÔTÉ CINÉ/AUTRES/IMAGES/portrait-01.jpeg n'existe pas sur le serveur ;
2016-08-18 : 17-47-05 : PLAYER CÔTÉ CINÉ/AUTRES/IMAGES/1920x1080-02.jpeg n'existe pas sur le serveur ;
2016-08-18 : 17-47-05 : PLAYER CÔTÉ CINÉ/AUTRES/IMAGES/portrait-02.jpeg n'existe pas sur le serveur ;
2016-08-18 : 17-47-05 : PLAYER CÔTÉ CINÉ/AUTRES/IMAGES/portrait-03.jpeg n'existe pas sur le serveur ;
2016-08-18 : 17-47-05 : PLAYER CÔTÉ CINÉ/AUTRES/IMAGES/portrait-04.jpeg n'existe pas sur le serveur ;
2016-08-18 : 17-47-05 : PLAYER CÔTÉ CINÉ/AUTRES/IMAGES/1920x1080-01.jpeg n'existe pas sur le serveur ;
2016-08-18 : 17-47-05 : PLAYER CÔTÉ CINÉ/AUTRES/VIDÉOS/8mo.mp4 n'existe pas sur le serveur ;
2016-08-18 : 17-47-20 : PLAYER CÔTÉ CINÉ/VIDÉOS/720p/50040 vf fa1.mp4 n'existe pas sur le serveur ;
2016-08-18 : 17-47-20 : PLAYER CÔTÉ CINÉ/IMAGES/FILMS/.JPG n'existe pas sur le serveur ;
2016-08-18 : 17-47-20 : PLAYER CÔTÉ CINÉ/AUTRES/IMAGES/portrait-03.jpeg n'existe pas sur le serveur ;
2016-08-18 : 17-47-20 : PLAYER CÔTÉ CINÉ/AUTRES/IMAGES/1920x1080-02.jpeg n'existe pas sur le serveur ;
2016-08-18 : 17-47-20 : PLAYER CÔTÉ CINÉ/AUTRES/IMAGES/portrait-01.jpeg n'existe pas sur le serveur ;
2016-08-18 : 17-47-20 : PLAYER CÔTÉ CINÉ/AUTRES/IMAGES/portrait-02.jpeg n'existe pas sur le serveur ;
2016-08-18 : 17-47-21 : PLAYER CÔTÉ CINÉ/AUTRES/IMAGES/portrait-04.jpeg n'existe pas sur le serveur ;
2016-08-18 : 17-47-21 : PLAYER CÔTÉ CINÉ/AUTRES/IMAGES/1920x1080-01.jpeg n'existe pas sur le serveur ;
2016-08-18 : 17-47-21 : PLAYER CÔTÉ CINÉ/AUTRES/VIDÉOS/8mo.mp4 n'existe pas sur le serveur ;
2016-08-18 : 17-47-21 : VIDEOS/50702 vo prefa1.mp4 téléchargé ;
2016-08-18 : 17-47-42 : PLAYER CÔTÉ CINÉ/VIDÉOS/720p/50040 vf fa1.mp4 n'existe pas sur le serveur ;
2016-08-18 : 17-47-42 : PLAYER CÔTÉ CINÉ/IMAGES/FILMS/.JPG n'existe pas sur le serveur ;
2016-08-18 : 17-47-43 : PLAYER CÔTÉ CINÉ/AUTRES/IMAGES/portrait-02.jpeg n'existe pas sur le serveur ;
2016-08-18 : 17-47-43 : PLAYER CÔTÉ CINÉ/AUTRES/IMAGES/1920x1080-02.jpeg n'existe pas sur le serveur ;
2016-08-18 : 17-47-43 : PLAYER CÔTÉ CINÉ/AUTRES/IMAGES/portrait-01.jpeg n'existe pas sur le serveur ;
2016-08-18 : 17-47-43 : PLAYER CÔTÉ CINÉ/AUTRES/IMAGES/portrait-03.jpeg n'existe pas sur le serveur ;
2016-08-18 : 17-47-43 : PLAYER CÔTÉ CINÉ/AUTRES/IMAGES/portrait-04.jpeg n'existe pas sur le serveur ;
2016-08-18 : 17-47-43 : PLAYER CÔTÉ CINÉ/AUTRES/VIDÉOS/8mo.mp4 n'existe pas sur le serveur ;
2016-08-18 : 17-47-43 : PLAYER CÔTÉ CINÉ/AUTRES/IMAGES/1920x1080-01.jpeg n'existe pas sur le serveur ;
2016-08-18 : 17-52-51 : PLAYER CÔTÉ CINÉ/VIDÉOS/720p/50040 vf fa1.mp4 n'existe pas sur le serveur ;
2016-08-18 : 17-52-52 : PLAYER CÔTÉ CINÉ/IMAGES/FILMS/.JPG n'existe pas sur le serveur ;
2016-08-18 : 17-52-52 : PLAYER CÔTÉ CINÉ/AUTRES/IMAGES/1920x1080-02.jpeg n'existe pas sur le serveur ;
2016-08-18 : 17-52-52 : PLAYER CÔTÉ CINÉ/AUTRES/IMAGES/portrait-01.jpeg n'existe pas sur le serveur ;
2016-08-18 : 17-52-52 : PLAYER CÔTÉ CINÉ/AUTRES/IMAGES/portrait-02.jpeg n'existe pas sur le serveur ;
2016-08-18 : 17-52-52 : PLAYER CÔTÉ CINÉ/AUTRES/IMAGES/portrait-03.jpeg n'existe pas sur le serveur ;
2016-08-18 : 17-52-52 : PLAYER CÔTÉ CINÉ/AUTRES/IMAGES/portrait-04.jpeg n'existe pas sur le serveur ;
2016-08-18 : 17-52-52 : PLAYER CÔTÉ CINÉ/AUTRES/IMAGES/1920x1080-01.jpeg n'existe pas sur le serveur ;
2016-08-18 : 17-52-53 : PLAYER CÔTÉ CINÉ/AUTRES/VIDÉOS/8mo.mp4 n'existe pas sur le serveur ;
2016-08-18 : 17-53-14 : PLAYER CÔTÉ CINÉ/VIDÉOS/720p/50040 vf fa1.mp4 n'existe pas sur le serveur ;
2016-08-18 : 17-53-14 : PLAYER CÔTÉ CINÉ/IMAGES/FILMS/.JPG n'existe pas sur le serveur ;
2016-08-18 : 17-53-15 : PLAYER CÔTÉ CINÉ/AUTRES/IMAGES/1920x1080-02.jpeg n'existe pas sur le serveur ;
2016-08-18 : 17-53-15 : PLAYER CÔTÉ CINÉ/AUTRES/IMAGES/portrait-01.jpeg n'existe pas sur le serveur ;
2016-08-18 : 17-53-15 : PLAYER CÔTÉ CINÉ/AUTRES/IMAGES/portrait-03.jpeg n'existe pas sur le serveur ;
2016-08-18 : 17-53-15 : PLAYER CÔTÉ CINÉ/AUTRES/IMAGES/portrait-02.jpeg n'existe pas sur le serveur ;
2016-08-18 : 17-53-15 : PLAYER CÔTÉ CINÉ/AUTRES/IMAGES/portrait-04.jpeg n'existe pas sur le serveur ;
2016-08-18 : 17-53-15 : PLAYER CÔTÉ CINÉ/AUTRES/VIDÉOS/8mo.mp4 n'existe pas sur le serveur ;
2016-08-18 : 17-53-15 : PLAYER CÔTÉ CINÉ/AUTRES/IMAGES/1920x1080-01.jpeg n'existe pas sur le serveur ;
2016-08-18 : 17-53-16 : VIDEOS/50702 vo prefa1.mp4 téléchargé ;
2016-08-18 : 17-53-35 : PLAYER CÔTÉ CINÉ/VIDÉOS/720p/50040 vf fa1.mp4 n'existe pas sur le serveur ;
2016-08-18 : 17-53-36 : PLAYER CÔTÉ CINÉ/IMAGES/FILMS/.JPG n'existe pas sur le serveur ;
2016-08-18 : 17-53-36 : PLAYER CÔTÉ CINÉ/AUTRES/IMAGES/portrait-01.jpeg n'existe pas sur le serveur ;
2016-08-18 : 17-53-36 : PLAYER CÔTÉ CINÉ/AUTRES/IMAGES/1920x1080-02.jpeg n'existe pas sur le serveur ;
2016-08-18 : 17-53-36 : PLAYER CÔTÉ CINÉ/AUTRES/IMAGES/portrait-03.jpeg n'existe pas sur le serveur ;
2016-08-18 : 17-53-36 : PLAYER CÔTÉ CINÉ/AUTRES/IMAGES/portrait-02.jpeg n'existe pas sur le serveur ;
2016-08-18 : 17-53-36 : PLAYER CÔTÉ CINÉ/AUTRES/IMAGES/1920x1080-01.jpeg n'existe pas sur le serveur ;
2016-08-18 : 17-53-36 : PLAYER CÔTÉ CINÉ/AUTRES/VIDÉOS/8mo.mp4 n'existe pas sur le serveur ;
2016-08-18 : 17-53-36 : PLAYER CÔTÉ CINÉ/AUTRES/IMAGES/portrait-04.jpeg n'existe pas sur le serveur ;
2016-08-18 : 17-53-41 : PLAYER CÔTÉ CINÉ/VIDÉOS/720p/50040 vf fa1.mp4 n'existe pas sur le serveur ;
2016-08-18 : 17-53-41 : PLAYER CÔTÉ CINÉ/IMAGES/FILMS/.JPG n'existe pas sur le serveur ;
2016-08-18 : 17-53-42 : PLAYER CÔTÉ CINÉ/AUTRES/IMAGES/portrait-02.jpeg n'existe pas sur le serveur ;
2016-08-18 : 17-53-42 : PLAYER CÔTÉ CINÉ/AUTRES/IMAGES/portrait-01.jpeg n'existe pas sur le serveur ;
2016-08-18 : 17-53-42 : PLAYER CÔTÉ CINÉ/AUTRES/IMAGES/portrait-03.jpeg n'existe pas sur le serveur ;
2016-08-18 : 17-53-42 : PLAYER CÔTÉ CINÉ/AUTRES/IMAGES/1920x1080-02.jpeg n'existe pas sur le serveur ;
2016-08-18 : 17-53-42 : PLAYER CÔTÉ CINÉ/AUTRES/IMAGES/portrait-04.jpeg n'existe pas sur le serveur ;
2016-08-18 : 17-53-42 : PLAYER CÔTÉ CINÉ/AUTRES/IMAGES/1920x1080-01.jpeg n'existe pas sur le serveur ;
2016-08-18 : 17-53-42 : PLAYER CÔTÉ CINÉ/AUTRES/VIDÉOS/8mo.mp4 n'existe pas sur le serveur ;
2016-08-18 : 17-55-06 : PLAYER CÔTÉ CINÉ/VIDÉOS/720p/50040 vf fa1.mp4 n'existe pas sur le serveur ;
2016-08-18 : 17-55-06 : PLAYER CÔTÉ CINÉ/IMAGES/FILMS/.JPG n'existe pas sur le serveur ;
2016-08-18 : 17-55-06 : PLAYER CÔTÉ CINÉ/AUTRES/IMAGES/1920x1080-02.jpeg n'existe pas sur le serveur ;
2016-08-18 : 17-55-06 : PLAYER CÔTÉ CINÉ/AUTRES/IMAGES/portrait-01.jpeg n'existe pas sur le serveur ;
2016-08-18 : 17-55-07 : PLAYER CÔTÉ CINÉ/AUTRES/IMAGES/portrait-02.jpeg n'existe pas sur le serveur ;
2016-08-18 : 17-55-07 : PLAYER CÔTÉ CINÉ/AUTRES/IMAGES/portrait-03.jpeg n'existe pas sur le serveur ;
2016-08-18 : 17-55-07 : PLAYER CÔTÉ CINÉ/AUTRES/IMAGES/portrait-04.jpeg n'existe pas sur le serveur ;
2016-08-18 : 17-55-07 : PLAYER CÔTÉ CINÉ/AUTRES/VIDÉOS/8mo.mp4 n'existe pas sur le serveur ;
2016-08-18 : 17-55-07 : PLAYER CÔTÉ CINÉ/AUTRES/IMAGES/1920x1080-01.jpeg n'existe pas sur le serveur ;
2016-08-18 : 17-58-59 : PLAYER CÔTÉ CINÉ/VIDÉOS/720p/50040 vf fa1.mp4 n'existe pas sur le serveur ;
2016-08-18 : 17-59-00 : PLAYER CÔTÉ CINÉ/IMAGES/FILMS/.JPG n'existe pas sur le serveur ;
2016-08-18 : 17-59-00 : PLAYER CÔTÉ CINÉ/AUTRES/IMAGES/1920x1080-02.jpeg n'existe pas sur le serveur ;
2016-08-18 : 17-59-00 : PLAYER CÔTÉ CINÉ/AUTRES/IMAGES/portrait-01.jpeg n'existe pas sur le serveur ;
2016-08-18 : 17-59-00 : PLAYER CÔTÉ CINÉ/AUTRES/IMAGES/portrait-03.jpeg n'existe pas sur le serveur ;
2016-08-18 : 17-59-00 : PLAYER CÔTÉ CINÉ/AUTRES/IMAGES/portrait-02.jpeg n'existe pas sur le serveur ;
2016-08-18 : 17-59-00 : PLAYER CÔTÉ CINÉ/AUTRES/VIDÉOS/8mo.mp4 n'existe pas sur le serveur ;
2016-08-18 : 17-59-00 : PLAYER CÔTÉ CINÉ/AUTRES/IMAGES/portrait-04.jpeg n'existe pas sur le serveur ;
2016-08-18 : 17-59-00 : PLAYER CÔTÉ CINÉ/AUTRES/IMAGES/1920x1080-01.jpeg n'existe pas sur le serveur ;
2016-08-18 : 18-04-45 : PLAYER CÔTÉ CINÉ/VIDÉOS/720p/50040 vf fa1.mp4 n'existe pas sur le serveur ;
2016-08-18 : 18-04-46 : PLAYER CÔTÉ CINÉ/IMAGES/FILMS/.JPG n'existe pas sur le serveur ;
2016-08-18 : 18-04-46 : PLAYER CÔTÉ CINÉ/AUTRES/IMAGES/portrait-01.jpeg n'existe pas sur le serveur ;
2016-08-18 : 18-04-46 : PLAYER CÔTÉ CINÉ/AUTRES/IMAGES/1920x1080-02.jpeg n'existe pas sur le serveur ;
2016-08-18 : 18-04-46 : PLAYER CÔTÉ CINÉ/AUTRES/IMAGES/portrait-02.jpeg n'existe pas sur le serveur ;
2016-08-18 : 18-04-46 : PLAYER CÔTÉ CINÉ/AUTRES/IMAGES/portrait-03.jpeg n'existe pas sur le serveur ;
2016-08-18 : 18-04-46 : PLAYER CÔTÉ CINÉ/AUTRES/IMAGES/portrait-04.jpeg n'existe pas sur le serveur ;
2016-08-18 : 18-04-46 : PLAYER CÔTÉ CINÉ/AUTRES/VIDÉOS/8mo.mp4 n'existe pas sur le serveur ;
2016-08-18 : 18-04-46 : PLAYER CÔTÉ CINÉ/AUTRES/IMAGES/1920x1080-01.jpeg n'existe pas sur le serveur ;
2016-08-18 : 18-07-48 : PLAYER CÔTÉ CINÉ/VIDÉOS/720p/50040 vf fa1.mp4 n'existe pas sur le serveur ;
2016-08-18 : 18-07-48 : PLAYER CÔTÉ CINÉ/IMAGES/FILMS/.JPG n'existe pas sur le serveur ;
2016-08-18 : 18-07-49 : PLAYER CÔTÉ CINÉ/AUTRES/IMAGES/portrait-01.jpeg n'existe pas sur le serveur ;
2016-08-18 : 18-07-49 : PLAYER CÔTÉ CINÉ/AUTRES/IMAGES/1920x1080-02.jpeg n'existe pas sur le serveur ;
2016-08-18 : 18-07-49 : PLAYER CÔTÉ CINÉ/AUTRES/IMAGES/portrait-03.jpeg n'existe pas sur le serveur ;
2016-08-18 : 18-07-49 : PLAYER CÔTÉ CINÉ/AUTRES/IMAGES/portrait-02.jpeg n'existe pas sur le serveur ;
2016-08-18 : 18-07-49 : PLAYER CÔTÉ CINÉ/AUTRES/IMAGES/portrait-04.jpeg n'existe pas sur le serveur ;
2016-08-18 : 18-07-49 : PLAYER CÔTÉ CINÉ/AUTRES/IMAGES/1920x1080-01.jpeg n'existe pas sur le serveur ;
2016-08-18 : 18-07-49 : PLAYER CÔTÉ CINÉ/AUTRES/VIDÉOS/8mo.mp4 n'existe pas sur le serveur ;
2016-08-18 : 18-08-47 : PLAYER CÔTÉ CINÉ/VIDÉOS/720p/50040 vf fa1.mp4 n'existe pas sur le serveur ;
2016-08-18 : 18-08-48 : PLAYER CÔTÉ CINÉ/IMAGES/FILMS/.JPG n'existe pas sur le serveur ;
2016-08-18 : 18-08-48 : PLAYER CÔTÉ CINÉ/AUTRES/IMAGES/1920x1080-02.jpeg n'existe pas sur le serveur ;
2016-08-18 : 18-08-48 : PLAYER CÔTÉ CINÉ/AUTRES/IMAGES/portrait-01.jpeg n'existe pas sur le serveur ;
2016-08-18 : 18-08-48 : PLAYER CÔTÉ CINÉ/AUTRES/IMAGES/portrait-03.jpeg n'existe pas sur le serveur ;
2016-08-18 : 18-08-48 : PLAYER CÔTÉ CINÉ/AUTRES/IMAGES/portrait-02.jpeg n'existe pas sur le serveur ;
2016-08-18 : 18-08-48 : PLAYER CÔTÉ CINÉ/AUTRES/IMAGES/portrait-04.jpeg n'existe pas sur le serveur ;
2016-08-18 : 18-08-48 : PLAYER CÔTÉ CINÉ/AUTRES/IMAGES/1920x1080-01.jpeg n'existe pas sur le serveur ;
2016-08-18 : 18-08-48 : PLAYER CÔTÉ CINÉ/AUTRES/VIDÉOS/8mo.mp4 n'existe pas sur le serveur ;
2016-08-18 : 18-09-28 : PLAYER CÔTÉ CINÉ/VIDÉOS/720p/50040 vf fa1.mp4 n'existe pas sur le serveur ;
2016-08-18 : 18-09-29 : PLAYER CÔTÉ CINÉ/IMAGES/FILMS/.JPG n'existe pas sur le serveur ;
2016-08-18 : 18-09-29 : PLAYER CÔTÉ CINÉ/AUTRES/IMAGES/portrait-01.jpeg n'existe pas sur le serveur ;
2016-08-18 : 18-09-29 : PLAYER CÔTÉ CINÉ/AUTRES/IMAGES/1920x1080-02.jpeg n'existe pas sur le serveur ;
2016-08-18 : 18-09-29 : PLAYER CÔTÉ CINÉ/AUTRES/IMAGES/portrait-03.jpeg n'existe pas sur le serveur ;
2016-08-18 : 18-09-29 : PLAYER CÔTÉ CINÉ/AUTRES/IMAGES/portrait-02.jpeg n'existe pas sur le serveur ;
2016-08-18 : 18-09-29 : PLAYER CÔTÉ CINÉ/AUTRES/IMAGES/portrait-04.jpeg n'existe pas sur le serveur ;
2016-08-18 : 18-09-29 : PLAYER CÔTÉ CINÉ/AUTRES/IMAGES/1920x1080-01.jpeg n'existe pas sur le serveur ;
2016-08-18 : 18-09-29 : PLAYER CÔTÉ CINÉ/AUTRES/VIDÉOS/8mo.mp4 n'existe pas sur le serveur ;
2016-08-18 : 18-10-39 : PLAYER CÔTÉ CINÉ/VIDÉOS/720p/50040 vf fa1.mp4 n'existe pas sur le serveur ;
2016-08-18 : 18-10-40 : PLAYER CÔTÉ CINÉ/IMAGES/FILMS/.JPG n'existe pas sur le serveur ;
2016-08-18 : 18-10-40 : PLAYER CÔTÉ CINÉ/AUTRES/IMAGES/1920x1080-02.jpeg n'existe pas sur le serveur ;
2016-08-18 : 18-10-40 : PLAYER CÔTÉ CINÉ/AUTRES/IMAGES/portrait-02.jpeg n'existe pas sur le serveur ;
2016-08-18 : 18-10-40 : PLAYER CÔTÉ CINÉ/AUTRES/IMAGES/portrait-03.jpeg n'existe pas sur le serveur ;
2016-08-18 : 18-10-40 : PLAYER CÔTÉ CINÉ/AUTRES/IMAGES/1920x1080-01.jpeg n'existe pas sur le serveur ;
2016-08-18 : 18-10-40 : PLAYER CÔTÉ CINÉ/AUTRES/IMAGES/portrait-04.jpeg n'existe pas sur le serveur ;
2016-08-18 : 18-10-40 : PLAYER CÔTÉ CINÉ/AUTRES/VIDÉOS/8mo.mp4 n'existe pas sur le serveur ;
2016-08-18 : 18-11-39 : PLAYER CÔTÉ CINÉ/VIDÉOS/720p/50040 vf fa1.mp4 n'existe pas sur le serveur ;
2016-08-18 : 18-11-40 : PLAYER CÔTÉ CINÉ/IMAGES/FILMS/.JPG n'existe pas sur le serveur ;
2016-08-18 : 18-11-40 : PLAYER CÔTÉ CINÉ/AUTRES/IMAGES/1920x1080-02.jpeg n'existe pas sur le serveur ;
2016-08-18 : 18-11-40 : PLAYER CÔTÉ CINÉ/AUTRES/IMAGES/portrait-01.jpeg n'existe pas sur le serveur ;
2016-08-18 : 18-11-40 : PLAYER CÔTÉ CINÉ/AUTRES/IMAGES/portrait-02.jpeg n'existe pas sur le serveur ;
2016-08-18 : 18-11-40 : PLAYER CÔTÉ CINÉ/AUTRES/IMAGES/portrait-03.jpeg n'existe pas sur le serveur ;
2016-08-18 : 18-11-40 : PLAYER CÔTÉ CINÉ/AUTRES/IMAGES/portrait-04.jpeg n'existe pas sur le serveur ;
2016-08-18 : 18-11-40 : PLAYER CÔTÉ CINÉ/AUTRES/IMAGES/1920x1080-01.jpeg n'existe pas sur le serveur ;
2016-08-18 : 18-11-40 : PLAYER CÔTÉ CINÉ/AUTRES/VIDÉOS/8mo.mp4 n'existe pas sur le serveur ;
2016-08-18 : 18-12-41 : PLAYER CÔTÉ CINÉ/VIDÉOS/720p/50040 vf fa1.mp4 n'existe pas sur le serveur ;
2016-08-18 : 18-12-41 : PLAYER CÔTÉ CINÉ/IMAGES/FILMS/.JPG n'existe pas sur le serveur ;
2016-08-18 : 18-12-41 : PLAYER CÔTÉ CINÉ/AUTRES/IMAGES/1920x1080-02.jpeg n'existe pas sur le serveur ;
2016-08-18 : 18-12-41 : PLAYER CÔTÉ CINÉ/AUTRES/IMAGES/portrait-01.jpeg n'existe pas sur le serveur ;
2016-08-18 : 18-12-41 : PLAYER CÔTÉ CINÉ/AUTRES/IMAGES/portrait-02.jpeg n'existe pas sur le serveur ;
2016-08-18 : 18-12-41 : PLAYER CÔTÉ CINÉ/AUTRES/IMAGES/portrait-03.jpeg n'existe pas sur le serveur ;
2016-08-18 : 18-12-42 : PLAYER CÔTÉ CINÉ/AUTRES/IMAGES/1920x1080-01.jpeg n'existe pas sur le serveur ;
2016-08-18 : 18-12-42 : PLAYER CÔTÉ CINÉ/AUTRES/IMAGES/portrait-04.jpeg n'existe pas sur le serveur ;
2016-08-18 : 18-12-42 : PLAYER CÔTÉ CINÉ/AUTRES/VIDÉOS/8mo.mp4 n'existe pas sur le serveur ;
2016-08-18 : 18-13-19 : PLAYER CÔTÉ CINÉ/VIDÉOS/720p/50040 vf fa1.mp4 n'existe pas sur le serveur ;
2016-08-18 : 18-13-19 : PLAYER CÔTÉ CINÉ/IMAGES/FILMS/.JPG n'existe pas sur le serveur ;
2016-08-18 : 18-13-20 : PLAYER CÔTÉ CINÉ/AUTRES/IMAGES/1920x1080-02.jpeg n'existe pas sur le serveur ;
2016-08-18 : 18-13-20 : PLAYER CÔTÉ CINÉ/AUTRES/IMAGES/portrait-02.jpeg n'existe pas sur le serveur ;
2016-08-18 : 18-13-20 : PLAYER CÔTÉ CINÉ/AUTRES/IMAGES/portrait-01.jpeg n'existe pas sur le serveur ;
2016-08-18 : 18-13-20 : PLAYER CÔTÉ CINÉ/AUTRES/IMAGES/portrait-03.jpeg n'existe pas sur le serveur ;
2016-08-18 : 18-13-20 : PLAYER CÔTÉ CINÉ/AUTRES/VIDÉOS/8mo.mp4 n'existe pas sur le serveur ;
2016-08-18 : 18-13-20 : PLAYER CÔTÉ CINÉ/AUTRES/IMAGES/1920x1080-01.jpeg n'existe pas sur le serveur ;
2016-08-18 : 18-13-20 : PLAYER CÔTÉ CINÉ/AUTRES/IMAGES/portrait-04.jpeg n'existe pas sur le serveur ;
2016-08-18 : 18-13-42 : PLAYER CÔTÉ CINÉ/VIDÉOS/720p/50040 vf fa1.mp4 n'existe pas sur le serveur ;
2016-08-18 : 18-13-42 : PLAYER CÔTÉ CINÉ/IMAGES/FILMS/.JPG n'existe pas sur le serveur ;
2016-08-18 : 18-13-43 : PLAYER CÔTÉ CINÉ/AUTRES/IMAGES/1920x1080-02.jpeg n'existe pas sur le serveur ;
2016-08-18 : 18-13-43 : PLAYER CÔTÉ CINÉ/AUTRES/IMAGES/portrait-01.jpeg n'existe pas sur le serveur ;
2016-08-18 : 18-13-43 : PLAYER CÔTÉ CINÉ/AUTRES/IMAGES/portrait-02.jpeg n'existe pas sur le serveur ;
2016-08-18 : 18-13-43 : PLAYER CÔTÉ CINÉ/AUTRES/IMAGES/portrait-03.jpeg n'existe pas sur le serveur ;
2016-08-18 : 18-13-43 : PLAYER CÔTÉ CINÉ/AUTRES/IMAGES/portrait-04.jpeg n'existe pas sur le serveur ;
2016-08-18 : 18-13-43 : PLAYER CÔTÉ CINÉ/AUTRES/IMAGES/1920x1080-01.jpeg n'existe pas sur le serveur ;
2016-08-18 : 18-13-43 : PLAYER CÔTÉ CINÉ/AUTRES/VIDÉOS/8mo.mp4 n'existe pas sur le serveur ;
2016-08-18 : 18-14-50 : PLAYER CÔTÉ CINÉ/VIDÉOS/720p/50040 vf fa1.mp4 n'existe pas sur le serveur ;
2016-08-18 : 18-14-51 : PLAYER CÔTÉ CINÉ/IMAGES/FILMS/.JPG n'existe pas sur le serveur ;
2016-08-18 : 18-14-51 : PLAYER CÔTÉ CINÉ/AUTRES/IMAGES/1920x1080-02.jpeg n'existe pas sur le serveur ;
2016-08-18 : 18-14-51 : PLAYER CÔTÉ CINÉ/AUTRES/IMAGES/portrait-01.jpeg n'existe pas sur le serveur ;
2016-08-18 : 18-14-51 : PLAYER CÔTÉ CINÉ/AUTRES/IMAGES/portrait-02.jpeg n'existe pas sur le serveur ;
2016-08-18 : 18-14-51 : PLAYER CÔTÉ CINÉ/AUTRES/IMAGES/portrait-03.jpeg n'existe pas sur le serveur ;
2016-08-18 : 18-14-51 : PLAYER CÔTÉ CINÉ/AUTRES/IMAGES/portrait-04.jpeg n'existe pas sur le serveur ;
2016-08-18 : 18-14-51 : PLAYER CÔTÉ CINÉ/AUTRES/IMAGES/1920x1080-01.jpeg n'existe pas sur le serveur ;
2016-08-18 : 18-14-51 : PLAYER CÔTÉ CINÉ/AUTRES/VIDÉOS/8mo.mp4 n'existe pas sur le serveur ;
2016-08-18 : 18-15-24 : PLAYER CÔTÉ CINÉ/VIDÉOS/720p/50040 vf fa1.mp4 n'existe pas sur le serveur ;
2016-08-18 : 18-15-25 : PLAYER CÔTÉ CINÉ/IMAGES/FILMS/.JPG n'existe pas sur le serveur ;
2016-08-18 : 18-15-25 : PLAYER CÔTÉ CINÉ/AUTRES/IMAGES/1920x1080-02.jpeg n'existe pas sur le serveur ;
2016-08-18 : 18-15-25 : PLAYER CÔTÉ CINÉ/AUTRES/IMAGES/portrait-01.jpeg n'existe pas sur le serveur ;
2016-08-18 : 18-15-25 : PLAYER CÔTÉ CINÉ/AUTRES/IMAGES/portrait-02.jpeg n'existe pas sur le serveur ;
2016-08-18 : 18-15-25 : PLAYER CÔTÉ CINÉ/AUTRES/IMAGES/portrait-03.jpeg n'existe pas sur le serveur ;
2016-08-18 : 18-15-25 : PLAYER CÔTÉ CINÉ/AUTRES/VIDÉOS/8mo.mp4 n'existe pas sur le serveur ;
2016-08-18 : 18-15-25 : PLAYER CÔTÉ CINÉ/AUTRES/IMAGES/1920x1080-01.jpeg n'existe pas sur le serveur ;
2016-08-18 : 18-15-25 : PLAYER CÔTÉ CINÉ/AUTRES/IMAGES/portrait-04.jpeg n'existe pas sur le serveur ;
2016-08-18 : 18-15-50 : PLAYER CÔTÉ CINÉ/VIDÉOS/720p/50040 vf fa1.mp4 n'existe pas sur le serveur ;
2016-08-18 : 18-15-50 : PLAYER CÔTÉ CINÉ/IMAGES/FILMS/.JPG n'existe pas sur le serveur ;
2016-08-18 : 18-15-50 : PLAYER CÔTÉ CINÉ/AUTRES/IMAGES/1920x1080-02.jpeg n'existe pas sur le serveur ;
2016-08-18 : 18-15-50 : PLAYER CÔTÉ CINÉ/AUTRES/IMAGES/portrait-01.jpeg n'existe pas sur le serveur ;
2016-08-18 : 18-15-51 : PLAYER CÔTÉ CINÉ/AUTRES/IMAGES/portrait-02.jpeg n'existe pas sur le serveur ;
2016-08-18 : 18-15-51 : PLAYER CÔTÉ CINÉ/AUTRES/IMAGES/portrait-03.jpeg n'existe pas sur le serveur ;
2016-08-18 : 18-15-51 : PLAYER CÔTÉ CINÉ/AUTRES/IMAGES/portrait-04.jpeg n'existe pas sur le serveur ;
2016-08-18 : 18-15-51 : PLAYER CÔTÉ CINÉ/AUTRES/IMAGES/1920x1080-01.jpeg n'existe pas sur le serveur ;
2016-08-18 : 18-15-51 : PLAYER CÔTÉ CINÉ/AUTRES/VIDÉOS/8mo.mp4 n'existe pas sur le serveur ;
2016-08-18 : 18-16-30 : PLAYER CÔTÉ CINÉ/VIDÉOS/720p/50040 vf fa1.mp4 n'existe pas sur le serveur ;
2016-08-18 : 18-16-30 : PLAYER CÔTÉ CINÉ/IMAGES/FILMS/.JPG n'existe pas sur le serveur ;
2016-08-18 : 18-16-30 : PLAYER CÔTÉ CINÉ/AUTRES/IMAGES/1920x1080-02.jpeg n'existe pas sur le serveur ;
2016-08-18 : 18-16-30 : PLAYER CÔTÉ CINÉ/AUTRES/IMAGES/portrait-02.jpeg n'existe pas sur le serveur ;
2016-08-18 : 18-16-30 : PLAYER CÔTÉ CINÉ/AUTRES/IMAGES/portrait-01.jpeg n'existe pas sur le serveur ;
2016-08-18 : 18-16-31 : PLAYER CÔTÉ CINÉ/AUTRES/IMAGES/portrait-04.jpeg n'existe pas sur le serveur ;
2016-08-18 : 18-16-31 : PLAYER CÔTÉ CINÉ/AUTRES/VIDÉOS/8mo.mp4 n'existe pas sur le serveur ;
2016-08-18 : 18-16-31 : PLAYER CÔTÉ CINÉ/AUTRES/IMAGES/1920x1080-01.jpeg n'existe pas sur le serveur ;
2016-08-18 : 18-17-01 : PLAYER CÔTÉ CINÉ/VIDÉOS/720p/50040 vf fa1.mp4 n'existe pas sur le serveur ;
2016-08-18 : 18-17-01 : PLAYER CÔTÉ CINÉ/IMAGES/FILMS/.JPG n'existe pas sur le serveur ;
2016-08-18 : 18-17-02 : PLAYER CÔTÉ CINÉ/AUTRES/IMAGES/1920x1080-02.jpeg n'existe pas sur le serveur ;
2016-08-18 : 18-17-02 : PLAYER CÔTÉ CINÉ/AUTRES/IMAGES/portrait-01.jpeg n'existe pas sur le serveur ;
2016-08-18 : 18-17-02 : PLAYER CÔTÉ CINÉ/AUTRES/IMAGES/portrait-02.jpeg n'existe pas sur le serveur ;
2016-08-18 : 18-17-02 : PLAYER CÔTÉ CINÉ/AUTRES/IMAGES/portrait-03.jpeg n'existe pas sur le serveur ;
2016-08-18 : 18-17-02 : PLAYER CÔTÉ CINÉ/AUTRES/IMAGES/portrait-04.jpeg n'existe pas sur le serveur ;
2016-08-18 : 18-17-02 : PLAYER CÔTÉ CINÉ/AUTRES/VIDÉOS/8mo.mp4 n'existe pas sur le serveur ;
2016-08-18 : 18-17-02 : PLAYER CÔTÉ CINÉ/AUTRES/IMAGES/1920x1080-01.jpeg n'existe pas sur le serveur ;
2016-08-18 : 18-18-33 : PLAYER CÔTÉ CINÉ/VIDÉOS/720p/50040 vf fa1.mp4 n'existe pas sur le serveur ;
2016-08-18 : 18-18-33 : PLAYER CÔTÉ CINÉ/IMAGES/FILMS/.JPG n'existe pas sur le serveur ;
2016-08-18 : 18-18-33 : PLAYER CÔTÉ CINÉ/AUTRES/IMAGES/1920x1080-02.jpeg n'existe pas sur le serveur ;
2016-08-18 : 18-18-34 : PLAYER CÔTÉ CINÉ/AUTRES/IMAGES/portrait-01.jpeg n'existe pas sur le serveur ;
2016-08-18 : 18-18-34 : PLAYER CÔTÉ CINÉ/AUTRES/IMAGES/portrait-02.jpeg n'existe pas sur le serveur ;
2016-08-18 : 18-18-34 : PLAYER CÔTÉ CINÉ/AUTRES/IMAGES/portrait-03.jpeg n'existe pas sur le serveur ;
2016-08-18 : 18-18-34 : PLAYER CÔTÉ CINÉ/AUTRES/IMAGES/portrait-04.jpeg n'existe pas sur le serveur ;
2016-08-18 : 18-18-34 : PLAYER CÔTÉ CINÉ/AUTRES/IMAGES/1920x1080-01.jpeg n'existe pas sur le serveur ;
2016-08-18 : 18-18-34 : PLAYER CÔTÉ CINÉ/AUTRES/VIDÉOS/8mo.mp4 n'existe pas sur le serveur ;
2016-08-18 : 18-18-39 : PLAYER CÔTÉ CINÉ/VIDÉOS/720p/50040 vf fa1.mp4 n'existe pas sur le serveur ;
2016-08-18 : 18-18-40 : PLAYER CÔTÉ CINÉ/IMAGES/FILMS/.JPG n'existe pas sur le serveur ;
2016-08-18 : 18-18-40 : PLAYER CÔTÉ CINÉ/VIDÉOS/720p/50040 vf fa1.mp4 n'existe pas sur le serveur ;
2016-08-18 : 18-18-40 : PLAYER CÔTÉ CINÉ/IMAGES/FILMS/.JPG n'existe pas sur le serveur ;
2016-08-18 : 18-18-41 : PLAYER CÔTÉ CINÉ/AUTRES/IMAGES/1920x1080-02.jpeg n'existe pas sur le serveur ;
2016-08-18 : 18-18-41 : PLAYER CÔTÉ CINÉ/AUTRES/IMAGES/portrait-01.jpeg n'existe pas sur le serveur ;
2016-08-18 : 18-18-41 : PLAYER CÔTÉ CINÉ/AUTRES/IMAGES/portrait-02.jpeg n'existe pas sur le serveur ;
2016-08-18 : 18-18-41 : PLAYER CÔTÉ CINÉ/AUTRES/IMAGES/portrait-03.jpeg n'existe pas sur le serveur ;
2016-08-18 : 18-18-41 : PLAYER CÔTÉ CINÉ/AUTRES/IMAGES/portrait-04.jpeg n'existe pas sur le serveur ;
2016-08-18 : 18-18-41 : PLAYER CÔTÉ CINÉ/AUTRES/IMAGES/1920x1080-01.jpeg n'existe pas sur le serveur ;
2016-08-18 : 18-18-41 : PLAYER CÔTÉ CINÉ/AUTRES/VIDÉOS/8mo.mp4 n'existe pas sur le serveur ;
2016-08-18 : 18-18-56 : PLAYER CÔTÉ CINÉ/VIDÉOS/720p/50040 vf fa1.mp4 n'existe pas sur le serveur ;
2016-08-18 : 18-18-57 : PLAYER CÔTÉ CINÉ/IMAGES/FILMS/.JPG n'existe pas sur le serveur ;
2016-08-18 : 18-18-57 : PLAYER CÔTÉ CINÉ/AUTRES/IMAGES/portrait-01.jpeg n'existe pas sur le serveur ;
2016-08-18 : 18-18-57 : PLAYER CÔTÉ CINÉ/AUTRES/IMAGES/1920x1080-02.jpeg n'existe pas sur le serveur ;
2016-08-18 : 18-18-57 : PLAYER CÔTÉ CINÉ/AUTRES/IMAGES/portrait-03.jpeg n'existe pas sur le serveur ;
2016-08-18 : 18-18-57 : PLAYER CÔTÉ CINÉ/AUTRES/IMAGES/portrait-02.jpeg n'existe pas sur le serveur ;
2016-08-18 : 18-18-57 : PLAYER CÔTÉ CINÉ/AUTRES/IMAGES/portrait-04.jpeg n'existe pas sur le serveur ;
2016-08-18 : 18-18-57 : PLAYER CÔTÉ CINÉ/AUTRES/IMAGES/1920x1080-01.jpeg n'existe pas sur le serveur ;
2016-08-18 : 18-18-57 : PLAYER CÔTÉ CINÉ/AUTRES/VIDÉOS/8mo.mp4 n'existe pas sur le serveur ;
2016-08-18 : 18-18-57 : VIDEOS/50702 vo prefa1.mp4 téléchargé ;
2016-08-18 : 18-20-47 : PLAYER CÔTÉ CINÉ/VIDÉOS/720p/50040 vf fa1.mp4 n'existe pas sur le serveur ;
2016-08-18 : 18-20-47 : PLAYER CÔTÉ CINÉ/IMAGES/FILMS/.JPG n'existe pas sur le serveur ;
2016-08-18 : 18-20-48 : PLAYER CÔTÉ CINÉ/AUTRES/IMAGES/1920x1080-02.jpeg n'existe pas sur le serveur ;
2016-08-18 : 18-20-48 : PLAYER CÔTÉ CINÉ/AUTRES/IMAGES/portrait-01.jpeg n'existe pas sur le serveur ;
2016-08-18 : 18-20-48 : PLAYER CÔTÉ CINÉ/AUTRES/IMAGES/portrait-02.jpeg n'existe pas sur le serveur ;
2016-08-18 : 18-20-48 : PLAYER CÔTÉ CINÉ/AUTRES/IMAGES/portrait-03.jpeg n'existe pas sur le serveur ;
2016-08-18 : 18-20-48 : PLAYER CÔTÉ CINÉ/AUTRES/IMAGES/1920x1080-01.jpeg n'existe pas sur le serveur ;
2016-08-18 : 18-20-48 : PLAYER CÔTÉ CINÉ/AUTRES/VIDÉOS/8mo.mp4 n'existe pas sur le serveur ;
2016-08-18 : 18-20-48 : PLAYER CÔTÉ CINÉ/AUTRES/IMAGES/portrait-04.jpeg n'existe pas sur le serveur ;
2016-08-18 : 18-20-48 : VIDEOS/50703 vf fa1.mp4 téléchargé ;
2016-08-18 : 18-21-44 : VIDEOS/50702 vo prefa1.mp4 téléchargé ;
2016-08-18 : 18-23-42 : PLAYER CÔTÉ CINÉ/VIDÉOS/720p/50040 vf fa1.mp4 n'existe pas sur le serveur ;
2016-08-18 : 18-23-42 : PLAYER CÔTÉ CINÉ/IMAGES/FILMS/.JPG n'existe pas sur le serveur ;
2016-08-18 : 18-23-43 : PLAYER CÔTÉ CINÉ/AUTRES/IMAGES/1920x1080-02.jpeg n'existe pas sur le serveur ;
2016-08-18 : 18-23-43 : PLAYER CÔTÉ CINÉ/AUTRES/IMAGES/portrait-01.jpeg n'existe pas sur le serveur ;
2016-08-18 : 18-23-43 : PLAYER CÔTÉ CINÉ/AUTRES/IMAGES/portrait-02.jpeg n'existe pas sur le serveur ;
2016-08-18 : 18-23-43 : PLAYER CÔTÉ CINÉ/AUTRES/IMAGES/portrait-03.jpeg n'existe pas sur le serveur ;
2016-08-18 : 18-23-43 : PLAYER CÔTÉ CINÉ/AUTRES/IMAGES/portrait-04.jpeg n'existe pas sur le serveur ;
2016-08-18 : 18-23-43 : PLAYER CÔTÉ CINÉ/AUTRES/IMAGES/1920x1080-01.jpeg n'existe pas sur le serveur ;
2016-08-18 : 18-23-43 : PLAYER CÔTÉ CINÉ/AUTRES/VIDÉOS/8mo.mp4 n'existe pas sur le serveur ;
2016-08-18 : 18-23-43 : VIDEOS/50703 vf fa1.mp4 téléchargé ;
2016-08-18 : 18-24-38 : VIDEOS/50702 vo prefa1.mp4 téléchargé ;
2016-08-18 : 18-24-53 : VIDEOS/50753 vf fa1.mp4 téléchargé ;
2016-08-18 : 18-28-32 : PLAYER CÔTÉ CINÉ/VIDÉOS/720p/50040 vf fa1.mp4 n'existe pas sur le serveur ;
2016-08-18 : 18-28-32 : PLAYER CÔTÉ CINÉ/IMAGES/FILMS/.JPG n'existe pas sur le serveur ;
2016-08-18 : 18-28-33 : PLAYER CÔTÉ CINÉ/AUTRES/IMAGES/1920x1080-02.jpeg n'existe pas sur le serveur ;
2016-08-18 : 18-28-33 : PLAYER CÔTÉ CINÉ/AUTRES/IMAGES/portrait-02.jpeg n'existe pas sur le serveur ;
2016-08-18 : 18-28-33 : PLAYER CÔTÉ CINÉ/AUTRES/IMAGES/portrait-01.jpeg n'existe pas sur le serveur ;
2016-08-18 : 18-28-33 : PLAYER CÔTÉ CINÉ/AUTRES/IMAGES/portrait-03.jpeg n'existe pas sur le serveur ;
2016-08-18 : 18-28-33 : PLAYER CÔTÉ CINÉ/AUTRES/IMAGES/portrait-04.jpeg n'existe pas sur le serveur ;
2016-08-18 : 18-28-33 : PLAYER CÔTÉ CINÉ/AUTRES/IMAGES/1920x1080-01.jpeg n'existe pas sur le serveur ;
2016-08-18 : 18-28-33 : PLAYER CÔTÉ CINÉ/AUTRES/VIDÉOS/8mo.mp4 n'existe pas sur le serveur ;
2016-08-18 : 18-46-28 : PLAYER CÔTÉ CINÉ/VIDÉOS/720p/50040 vf fa1.mp4 n'existe pas sur le serveur ;
2016-08-18 : 18-46-29 : PLAYER CÔTÉ CINÉ/IMAGES/FILMS/.JPG n'existe pas sur le serveur ;
2016-08-18 : 18-46-29 : PLAYER CÔTÉ CINÉ/AUTRES/IMAGES/1920x1080-02.jpeg n'existe pas sur le serveur ;
2016-08-18 : 18-46-29 : PLAYER CÔTÉ CINÉ/AUTRES/IMAGES/portrait-01.jpeg n'existe pas sur le serveur ;
2016-08-18 : 18-46-29 : PLAYER CÔTÉ CINÉ/AUTRES/IMAGES/portrait-02.jpeg n'existe pas sur le serveur ;
2016-08-18 : 18-46-29 : PLAYER CÔTÉ CINÉ/AUTRES/IMAGES/portrait-03.jpeg n'existe pas sur le serveur ;
2016-08-18 : 18-46-29 : PLAYER CÔTÉ CINÉ/AUTRES/IMAGES/portrait-04.jpeg n'existe pas sur le serveur ;
2016-08-18 : 18-46-29 : PLAYER CÔTÉ CINÉ/AUTRES/VIDÉOS/8mo.mp4 n'existe pas sur le serveur ;
2016-08-18 : 18-46-29 : PLAYER CÔTÉ CINÉ/AUTRES/IMAGES/1920x1080-01.jpeg n'existe pas sur le serveur ;
2016-08-18 : 18-46-57 : PLAYER CÔTÉ CINÉ/VIDÉOS/720p/50040 vf fa1.mp4 n'existe pas sur le serveur ;
2016-08-18 : 18-46-59 : PLAYER CÔTÉ CINÉ/IMAGES/FILMS/.JPG n'existe pas sur le serveur ;
2016-08-18 : 18-47-01 : PLAYER CÔTÉ CINÉ/AUTRES/IMAGES/1920x1080-02.jpeg n'existe pas sur le serveur ;
2016-08-18 : 18-47-01 : PLAYER CÔTÉ CINÉ/AUTRES/IMAGES/portrait-01.jpeg n'existe pas sur le serveur ;
2016-08-18 : 18-47-01 : PLAYER CÔTÉ CINÉ/AUTRES/IMAGES/portrait-02.jpeg n'existe pas sur le serveur ;
2016-08-18 : 18-47-01 : PLAYER CÔTÉ CINÉ/AUTRES/IMAGES/portrait-03.jpeg n'existe pas sur le serveur ;
2016-08-18 : 18-47-01 : PLAYER CÔTÉ CINÉ/AUTRES/IMAGES/portrait-04.jpeg n'existe pas sur le serveur ;
2016-08-18 : 18-47-01 : PLAYER CÔTÉ CINÉ/AUTRES/IMAGES/1920x1080-01.jpeg n'existe pas sur le serveur ;
2016-08-18 : 18-47-01 : PLAYER CÔTÉ CINÉ/AUTRES/VIDÉOS/8mo.mp4 n'existe pas sur le serveur ;
2016-08-18 : 18-46-29 : VIDEOS/24723675 vf fa2.mp4 téléchargé ;
2016-08-18 : 18-47-49 : PLAYER CÔTÉ CINÉ/VIDÉOS/720p/50040 vf fa1.mp4 n'existe pas sur le serveur ;
2016-08-18 : 18-47-52 : PLAYER CÔTÉ CINÉ/IMAGES/FILMS/.JPG n'existe pas sur le serveur ;
2016-08-18 : 18-47-54 : PLAYER CÔTÉ CINÉ/AUTRES/IMAGES/1920x1080-02.jpeg n'existe pas sur le serveur ;
2016-08-18 : 18-47-54 : PLAYER CÔTÉ CINÉ/AUTRES/IMAGES/portrait-01.jpeg n'existe pas sur le serveur ;
2016-08-18 : 18-47-54 : PLAYER CÔTÉ CINÉ/AUTRES/IMAGES/portrait-02.jpeg n'existe pas sur le serveur ;
2016-08-18 : 18-47-54 : PLAYER CÔTÉ CINÉ/AUTRES/IMAGES/portrait-03.jpeg n'existe pas sur le serveur ;
2016-08-18 : 18-47-54 : PLAYER CÔTÉ CINÉ/AUTRES/IMAGES/portrait-04.jpeg n'existe pas sur le serveur ;

2016-08-18 : 18-47-54 : PLAYER CÔTÉ CINÉ/AUTRES/VIDÉOS/8mo.mp4 n'existe pas sur le serveur ;
2016-08-18 : 18-47-01 : VIDEOS/51109 vo prefa1.mp4 téléchargé ;
2016-08-18 : 18-48-12 : PLAYER CÔTÉ CINÉ/VIDÉOS/720p/50040 vf fa1.mp4 n'existe pas sur le serveur ;
2016-08-18 : 18-48-15 : PLAYER CÔTÉ CINÉ/IMAGES/FILMS/.JPG n'existe pas sur le serveur ;
2016-08-18 : 18-48-17 : PLAYER CÔTÉ CINÉ/AUTRES/IMAGES/1920x1080-02.jpeg n'existe pas sur le serveur ;
2016-08-18 : 18-48-17 : PLAYER CÔTÉ CINÉ/AUTRES/IMAGES/portrait-01.jpeg n'existe pas sur le serveur ;
2016-08-18 : 18-48-18 : PLAYER CÔTÉ CINÉ/AUTRES/IMAGES/portrait-02.jpeg n'existe pas sur le serveur ;
2016-08-18 : 18-48-18 : PLAYER CÔTÉ CINÉ/AUTRES/IMAGES/portrait-04.jpeg n'existe pas sur le serveur ;
2016-08-18 : 18-48-18 : PLAYER CÔTÉ CINÉ/AUTRES/IMAGES/portrait-03.jpeg n'existe pas sur le serveur ;
2016-08-18 : 18-48-18 : PLAYER CÔTÉ CINÉ/AUTRES/IMAGES/1920x1080-01.jpeg n'existe pas sur le serveur ;
2016-08-18 : 18-48-18 : PLAYER CÔTÉ CINÉ/AUTRES/VIDÉOS/8mo.mp4 n'existe pas sur le serveur ;
2016-08-18 : 18-47-54 : VIDEOS/50665 vf fa1.mp4 téléchargé ;
2016-08-18 : 18-48-18 : VIDEOS/24723726 vf prefa1.mp4 téléchargé ;
2016-08-18 : 18-49-14 : IMAGES/FILMS/51109.JPG téléchargé ;
2016-08-18 : 18-49-15 : IMAGES/FILMS/24723675.JPG téléchargé ;
2016-08-18 : 18-49-16 : IMAGES/FILMS/50665.JPG téléchargé ;
2016-08-18 : 18-49-17 : IMAGES/FILMS/24723726.JPG téléchargé ;
2016-08-18 : 18-49-19 : IMAGES/FILMS/50675.JPG téléchargé ;
2016-08-18 : 18-49-39 : PLAYER CÔTÉ CINÉ/VIDÉOS/720p/50040 vf fa1.mp4 n'existe pas sur le serveur ;
2016-08-18 : 18-49-40 : PLAYER CÔTÉ CINÉ/IMAGES/FILMS/.JPG n'existe pas sur le serveur ;
2016-08-18 : 18-49-40 : PLAYER CÔTÉ CINÉ/AUTRES/IMAGES/portrait-01.jpeg n'existe pas sur le serveur ;
2016-08-18 : 18-49-40 : PLAYER CÔTÉ CINÉ/AUTRES/IMAGES/1920x1080-02.jpeg n'existe pas sur le serveur ;
2016-08-18 : 18-49-40 : PLAYER CÔTÉ CINÉ/AUTRES/IMAGES/portrait-02.jpeg n'existe pas sur le serveur ;
2016-08-18 : 18-49-40 : PLAYER CÔTÉ CINÉ/AUTRES/IMAGES/portrait-03.jpeg n'existe pas sur le serveur ;
2016-08-18 : 18-49-40 : PLAYER CÔTÉ CINÉ/AUTRES/IMAGES/portrait-04.jpeg n'existe pas sur le serveur ;
2016-08-18 : 18-49-40 : PLAYER CÔTÉ CINÉ/AUTRES/IMAGES/1920x1080-01.jpeg n'existe pas sur le serveur ;
2016-08-18 : 18-49-40 : PLAYER CÔTÉ CINÉ/AUTRES/VIDÉOS/8mo.mp4 n'existe pas sur le serveur ;
