2016-10-24 : 12-31-00 : PLAYER CÔTÉ CINÉ/VIDÉOS/720p/50040 vf fa1.mp4 n'existe pas sur le serveur ;
2016-10-24 : 12-31-00 : PLAYER CÔTÉ CINÉ/IMAGES/FILMS/.JPG n'existe pas sur le serveur ;
2016-10-24 : 12-31-01 : VIDEOS/51453 vf fa2.mp4 téléchargé ;
2016-10-24 : 12-31-06 : VIDEOS/226509 vo fa1.mp4 téléchargé ;
2016-10-24 : 12-31-09 : VIDEOS/50341 vo fa1.mp4 téléchargé ;
2016-10-24 : 12-31-15 : VIDEOS/50963 vo fa1.mp4 téléchargé ;
2016-10-24 : 12-31-25 : VIDEOS/49235 vo fa2.mp4 téléchargé ;
2016-10-24 : 12-31-30 : VIDEOS/247098 vf fa1.mp4 téléchargé ;
2016-10-24 : 12-31-32 : VIDEOS/24723741 vo fa1.mp4 téléchargé ;
2016-10-24 : 12-31-53 : VIDEOS/49300 vf fa2.mp4 téléchargé ;
2016-10-24 : 12-32-19 : VIDEOS/236415 vf fa1.mp4 téléchargé ;
2016-10-24 : 12-32-23 : VIDEOS/50532 vo fa1.mp4 téléchargé ;
2016-10-24 : 12-32-50 : VIDEOS/51208 vf fa3.mp4 téléchargé ;
2016-10-24 : 12-32-53 : VIDEOS/51185 vo fa1.mp4 téléchargé ;
2016-10-24 : 12-33-11 : VIDEOS/51321 vo fa1.mp4 téléchargé ;
2016-10-24 : 12-33-39 : VIDEOS/42201 vf fa1.mp4 téléchargé ;
2016-10-24 : 12-33-43 : VIDEOS/49877 vf fa1.mp4 téléchargé ;
2016-10-24 : 12-33-49 : VIDEOS/50678 vf fa2.mp4 téléchargé ;
2016-10-24 : 12-34-01 : VIDEOS/9097 vo fa1.mp4 téléchargé ;
2016-10-24 : 12-34-13 : IMAGES/FILMS/51453.JPG téléchargé ;
2016-10-24 : 12-34-23 : IMAGES/FILMS/226509.JPG téléchargé ;
2016-10-24 : 12-34-24 : IMAGES/FILMS/50341.JPG téléchargé ;
2016-10-24 : 12-34-24 : IMAGES/FILMS/247098.JPG téléchargé ;
2016-10-24 : 12-34-24 : IMAGES/FILMS/49235.JPG téléchargé ;
2016-10-24 : 12-34-24 : IMAGES/FILMS/24723741.JPG téléchargé ;
2016-10-24 : 12-34-24 : IMAGES/FILMS/50963.JPG téléchargé ;
2016-10-24 : 12-34-25 : IMAGES/FILMS/236415.JPG téléchargé ;
2016-10-24 : 12-34-25 : IMAGES/FILMS/50532.JPG téléchargé ;
2016-10-24 : 12-34-25 : IMAGES/FILMS/51321.JPG téléchargé ;
2016-10-24 : 12-34-25 : IMAGES/FILMS/50678.JPG téléchargé ;
2016-10-24 : 12-34-25 : IMAGES/FILMS/49877.JPG téléchargé ;
2016-10-24 : 12-34-26 : IMAGES/FILMS/42201.JPG téléchargé ;
2016-10-24 : 12-34-26 : IMAGES/FILMS/9097.JPG téléchargé ;
2016-10-24 : 12-34-26 : IMAGES/FILMS/24723755.JPG téléchargé ;
2016-10-24 : 12-34-26 : img/1920x1080-01.jpeg téléchargé ;
2016-10-24 : 12-34-27 : img/1920x1080-02.jpeg téléchargé ;
2016-10-24 : 12-34-27 : img/test-monumuents.jpeg téléchargé ;
2016-10-24 : 12-34-27 : img/images-01-2.jpeg téléchargé ;
2016-10-24 : 12-34-27 : img/portrait-02.jpeg téléchargé ;
2016-10-24 : 12-34-27 : img/portrait-01.jpeg téléchargé ;
2016-10-24 : 12-34-28 : img/portrait-03.jpeg téléchargé ;
2016-10-24 : 12-34-29 : img/portrait-04.jpeg téléchargé ;
2016-10-24 : 12-34-29 : VIDEOS/planet-earth.mp4 téléchargé ;
2016-10-24 : 12-34-38 : VIDEOS/nintendo.mp4 téléchargé ;
2016-10-24 : 12-38-01 : PLAYER CÔTÉ CINÉ/VIDÉOS/720p/50040 vf fa1.mp4 n'existe pas sur le serveur ;
2016-10-24 : 12-38-02 : PLAYER CÔTÉ CINÉ/IMAGES/FILMS/.JPG n'existe pas sur le serveur ;
2016-10-24 : 12-44-30 : PLAYER CÔTÉ CINÉ/VIDÉOS/720p/50040 vf fa1.mp4 n'existe pas sur le serveur ;
2016-10-24 : 12-44-31 : PLAYER CÔTÉ CINÉ/IMAGES/FILMS/.JPG n'existe pas sur le serveur ;
2016-10-24 : 12-48-58 : PLAYER CÔTÉ CINÉ/VIDÉOS/720p/50040 vf fa1.mp4 n'existe pas sur le serveur ;
2016-10-24 : 12-48-58 : PLAYER CÔTÉ CINÉ/IMAGES/FILMS/.JPG n'existe pas sur le serveur ;
2016-10-24 : 15-38-37 : PLAYER CÔTÉ CINÉ/VIDÉOS/720p/50040 vf fa1.mp4 n'existe pas sur le serveur ;
2016-10-24 : 15-38-37 : PLAYER CÔTÉ CINÉ/IMAGES/FILMS/.JPG n'existe pas sur le serveur ;
