2016-10-14 : 09-43-15 : PLAYER CÔTÉ CINÉ/VIDÉOS/720p/50040 vf fa1.mp4 n'existe pas sur le serveur ;
2016-10-14 : 09-43-17 : PLAYER CÔTÉ CINÉ/IMAGES/FILMS/.JPG n'existe pas sur le serveur ;
2016-10-14 : 09-43-17 : VIDEOS/51480 vf prefa1.mp4 téléchargé ;
2016-10-14 : 09-43-20 : VIDEOS/207874 vf prefa1.mp4 téléchargé ;
2016-10-14 : 09-43-20 : VIDEOS/51365 vf prefa1.mp4 téléchargé ;
2016-10-14 : 09-43-21 : VIDEOS/232740 vf fa2.mp4 téléchargé ;
2016-10-14 : 09-43-22 : VIDEOS/49290 vo prefa1.mp4 téléchargé ;
2016-10-14 : 09-43-23 : VIDEOS/51050 vf fa1.mp4 téléchargé ;
2016-10-14 : 09-43-27 : VIDEOS/51659 vf fa1.mp4 téléchargé ;
2016-10-14 : 09-43-32 : VIDEOS/24723800 vo prefa1.mp4 téléchargé ;
2016-10-14 : 09-43-33 : VIDEOS/51334 vf fa1.mp4 téléchargé ;
2016-10-14 : 09-43-36 : VIDEOS/50876 vf fa1.mp4 téléchargé ;
2016-10-14 : 09-43-38 : IMAGES/FILMS/232740.JPG téléchargé ;
2016-10-14 : 09-43-38 : IMAGES/FILMS/49290.JPG téléchargé ;
2016-10-14 : 09-43-38 : IMAGES/FILMS/51480.JPG téléchargé ;
2016-10-14 : 09-43-39 : IMAGES/FILMS/207874.JPG téléchargé ;
2016-10-14 : 09-43-39 : IMAGES/FILMS/51365.JPG téléchargé ;
2016-10-14 : 09-43-39 : IMAGES/FILMS/51050.JPG téléchargé ;
2016-10-14 : 09-43-39 : IMAGES/FILMS/51659.JPG téléchargé ;
2016-10-14 : 09-43-40 : IMAGES/FILMS/50876.JPG téléchargé ;
2016-10-14 : 09-43-40 : IMAGES/FILMS/24723736.JPG téléchargé ;
2016-10-14 : 09-43-40 : IMAGES/FILMS/241777.JPG téléchargé ;
2016-10-14 : 09-43-40 : IMAGES/FILMS/51334.JPG téléchargé ;
2016-10-14 : 09-43-40 : IMAGES/FILMS/50870.JPG téléchargé ;
2016-10-14 : 09-43-41 : IMAGES/FILMS/24723800.JPG téléchargé ;
2016-10-14 : 09-43-41 : IMAGES/FILMS/241450.JPG téléchargé ;
2016-10-14 : 09-43-41 : IMAGES/FILMS/2860.JPG téléchargé ;
2016-10-14 : 09-43-41 : IMAGES/FILMS/50387.JPG téléchargé ;
2016-10-14 : 09-43-41 : IMAGES/FILMS/2390.JPG téléchargé ;
2016-10-14 : 09-48-19 : PLAYER CÔTÉ CINÉ/VIDÉOS/720p/50040 vf fa1.mp4 n'existe pas sur le serveur ;
2016-10-14 : 09-48-19 : PLAYER CÔTÉ CINÉ/IMAGES/FILMS/.JPG n'existe pas sur le serveur ;
2016-10-14 : 09-57-38 : PLAYER CÔTÉ CINÉ/VIDÉOS/720p/50040 vf fa1.mp4 n'existe pas sur le serveur ;
2016-10-14 : 09-57-39 : PLAYER CÔTÉ CINÉ/IMAGES/FILMS/.JPG n'existe pas sur le serveur ;
