2016-11-08 : 09-27-37 : PLAYER CÔTÉ CINÉ/VIDÉOS/720p/50040 vf fa1.mp4 n'existe pas sur le serveur ;
2016-11-08 : 09-27-38 : PLAYER CÔTÉ CINÉ/IMAGES/FILMS/.JPG n'existe pas sur le serveur ;
2016-11-08 : 09-27-38 : VIDEOS/24723727 vf fa2.mp4 téléchargé ;
2016-11-08 : 09-27-41 : VIDEOS/232164 vo fa1.mp4 téléchargé ;
2016-11-08 : 09-27-43 : VIDEOS/1244069 vf fa1.mp4 téléchargé ;
2016-11-08 : 09-27-47 : VIDEOS/49414 vf fa1.mp4 téléchargé ;
2016-11-08 : 09-27-58 : VIDEOS/50382 vf fa1.mp4 téléchargé ;
2016-11-08 : 09-28-04 : VIDEOS/239116 vf prefa1.mp4 téléchargé ;
2016-11-08 : 09-28-05 : VIDEOS/241777 vo prefa1.mp4 téléchargé ;
2016-11-08 : 09-28-06 : IMAGES/FILMS/24723727.JPG téléchargé ;
2016-11-08 : 09-28-06 : IMAGES/FILMS/232164.JPG téléchargé ;
2016-11-08 : 09-28-07 : IMAGES/FILMS/1244069.JPG téléchargé ;
2016-11-08 : 09-28-07 : IMAGES/FILMS/49414.JPG téléchargé ;
2016-11-08 : 09-28-07 : IMAGES/FILMS/50382.JPG téléchargé ;
2016-11-08 : 09-28-07 : IMAGES/FILMS/239116.JPG téléchargé ;
2016-11-08 : 09-32-14 : PLAYER CÔTÉ CINÉ/VIDÉOS/720p/50040 vf fa1.mp4 n'existe pas sur le serveur ;
2016-11-08 : 09-32-14 : PLAYER CÔTÉ CINÉ/IMAGES/FILMS/.JPG n'existe pas sur le serveur ;
2016-11-08 : 09-34-13 : PLAYER CÔTÉ CINÉ/VIDÉOS/720p/50040 vf fa1.mp4 n'existe pas sur le serveur ;
2016-11-08 : 09-34-14 : PLAYER CÔTÉ CINÉ/IMAGES/FILMS/.JPG n'existe pas sur le serveur ;
2016-11-08 : 09-38-10 : PLAYER CÔTÉ CINÉ/VIDÉOS/720p/50040 vf fa1.mp4 n'existe pas sur le serveur ;
2016-11-08 : 09-38-10 : PLAYER CÔTÉ CINÉ/IMAGES/FILMS/.JPG n'existe pas sur le serveur ;
2016-11-08 : 09-42-41 : PLAYER CÔTÉ CINÉ/VIDÉOS/720p/50040 vf fa1.mp4 n'existe pas sur le serveur ;
2016-11-08 : 09-42-42 : PLAYER CÔTÉ CINÉ/IMAGES/FILMS/.JPG n'existe pas sur le serveur ;
2016-11-08 : 09-45-07 : PLAYER CÔTÉ CINÉ/VIDÉOS/720p/50040 vf fa1.mp4 n'existe pas sur le serveur ;
2016-11-08 : 09-45-08 : PLAYER CÔTÉ CINÉ/IMAGES/FILMS/.JPG n'existe pas sur le serveur ;
2016-11-08 : 09-47-07 : PLAYER CÔTÉ CINÉ/VIDÉOS/720p/50040 vf fa1.mp4 n'existe pas sur le serveur ;
2016-11-08 : 09-47-08 : PLAYER CÔTÉ CINÉ/IMAGES/FILMS/.JPG n'existe pas sur le serveur ;
2016-11-08 : 10-38-57 : PLAYER CÔTÉ CINÉ/VIDÉOS/720p/50040 vf fa1.mp4 n'existe pas sur le serveur ;
2016-11-08 : 10-38-58 : PLAYER CÔTÉ CINÉ/IMAGES/FILMS/.JPG n'existe pas sur le serveur ;
2016-11-08 : 10-46-31 : PLAYER CÔTÉ CINÉ/VIDÉOS/720p/50040 vf fa1.mp4 n'existe pas sur le serveur ;
2016-11-08 : 10-46-32 : PLAYER CÔTÉ CINÉ/IMAGES/FILMS/.JPG n'existe pas sur le serveur ;
2016-11-08 : 10-49-20 : PLAYER CÔTÉ CINÉ/VIDÉOS/720p/50040 vf fa1.mp4 n'existe pas sur le serveur ;
2016-11-08 : 10-49-21 : PLAYER CÔTÉ CINÉ/IMAGES/FILMS/.JPG n'existe pas sur le serveur ;
2016-11-08 : 11-07-35 : PLAYER CÔTÉ CINÉ/VIDÉOS/720p/50040 vf fa1.mp4 n'existe pas sur le serveur ;
2016-11-08 : 11-07-36 : PLAYER CÔTÉ CINÉ/IMAGES/FILMS/.JPG n'existe pas sur le serveur ;
2016-11-08 : 11-48-17 : PLAYER CÔTÉ CINÉ/VIDÉOS/720p/50040 vf fa1.mp4 n'existe pas sur le serveur ;
2016-11-08 : 11-48-18 : PLAYER CÔTÉ CINÉ/IMAGES/FILMS/.JPG n'existe pas sur le serveur ;
2016-11-08 : 11-55-59 : PLAYER CÔTÉ CINÉ/VIDÉOS/720p/50040 vf fa1.mp4 n'existe pas sur le serveur ;
2016-11-08 : 11-56-00 : PLAYER CÔTÉ CINÉ/IMAGES/FILMS/.JPG n'existe pas sur le serveur ;
2016-11-08 : 13-36-15 : PLAYER CÔTÉ CINÉ/VIDÉOS/720p/50040 vf fa1.mp4 n'existe pas sur le serveur ;
2016-11-08 : 13-36-15 : PLAYER CÔTÉ CINÉ/IMAGES/FILMS/.JPG n'existe pas sur le serveur ;
2016-11-08 : 13-49-24 : PLAYER CÔTÉ CINÉ/VIDÉOS/720p/50040 vf fa1.mp4 n'existe pas sur le serveur ;
