2016-12-09 : 15-10-53 : PLAYER CÔTÉ CINÉ/IMAGES/FILMS/.JPG n'existe pas sur le serveur ;
2016-12-09 : 15-10-53 : PLAYER CÔTÉ CINÉ/IMAGES/FILMS/46474.JPG n'existe pas sur le serveur ;
2016-12-09 : 15-10-54 : VIDEOS/51050 vo fa3.mp4 téléchargé ;
2016-12-09 : 15-10-56 : VIDEOS/1236237 vf fa1.mp4 téléchargé ;
2016-12-09 : 15-10-58 : VIDEOS/24723740 vf prefa1.mp4 téléchargé ;
2016-12-09 : 15-11-01 : VIDEOS/51593 vf fa1.mp4 téléchargé ;
2016-12-09 : 15-11-03 : VIDEOS/248354 vo fa1.mp4 téléchargé ;
2016-12-09 : 15-11-09 : IMAGES/FILMS/51231.JPG téléchargé ;
2016-12-09 : 15-11-09 : IMAGES/FILMS/51067.JPG téléchargé ;
2016-12-09 : 15-11-09 : IMAGES/FILMS/51421.JPG téléchargé ;
2016-12-09 : 15-11-09 : IMAGES/FILMS/24723740.JPG téléchargé ;
2016-12-09 : 15-11-09 : IMAGES/FILMS/1236237.JPG téléchargé ;
2016-12-09 : 15-11-10 : IMAGES/FILMS/24723609.JPG téléchargé ;
2016-12-09 : 15-11-10 : IMAGES/FILMS/51372.JPG téléchargé ;
2016-12-09 : 15-11-10 : IMAGES/FILMS/248354.JPG téléchargé ;
2016-12-09 : 15-11-10 : IMAGES/FILMS/51593.JPG téléchargé ;
2016-12-09 : 15-11-10 : img/images-03-2.jpeg téléchargé ;
2016-12-09 : 15-11-10 : img/images-02-2.jpeg téléchargé ;
2016-12-09 : 15-16-32 : PLAYER CÔTÉ CINÉ/VIDÉOS/720p/50040 vf fa1.mp4 n'existe pas sur le serveur ;
2016-12-09 : 15-16-32 : PLAYER CÔTÉ CINÉ/IMAGES/FILMS/.JPG n'existe pas sur le serveur ;
2016-12-09 : 15-16-33 : PLAYER CÔTÉ CINÉ/IMAGES/FILMS/46474.JPG n'existe pas sur le serveur ;
2016-12-09 : 15-16-33 : VIDEOS/50532 vo fa1.mp4 téléchargé ;
2016-12-09 : 15-16-41 : VIDEOS/51321 vo fa1.mp4 téléchargé ;
2016-12-09 : 15-16-48 : IMAGES/FILMS/50532.JPG téléchargé ;
2016-12-09 : 15-16-48 : IMAGES/FILMS/49290.JPG téléchargé ;
2016-12-09 : 15-16-49 : IMAGES/FILMS/51321.JPG téléchargé ;
2016-12-09 : 15-16-49 : IMAGES/FILMS/232740.JPG téléchargé ;
2016-12-09 : 15-16-49 : IMAGES/FILMS/207874.JPG téléchargé ;
2016-12-09 : 15-16-49 : IMAGES/FILMS/51365.JPG téléchargé ;
2016-12-09 : 15-16-49 : IMAGES/FILMS/241777.JPG téléchargé ;
2016-12-09 : 15-16-49 : IMAGES/FILMS/51050.JPG téléchargé ;
2016-12-09 : 15-16-50 : IMAGES/FILMS/24723736.JPG téléchargé ;
2016-12-09 : 15-16-50 : IMAGES/FILMS/50870.JPG téléchargé ;
2016-12-09 : 15-16-50 : IMAGES/FILMS/51334.JPG téléchargé ;
2016-12-09 : 15-16-50 : IMAGES/FILMS/24723800.JPG téléchargé ;
2016-12-09 : 15-16-50 : IMAGES/FILMS/226509.JPG téléchargé ;
2016-12-09 : 15-16-50 : IMAGES/FILMS/51453.JPG téléchargé ;
2016-12-09 : 15-16-51 : img/1920x1080-02.jpeg téléchargé ;
2016-12-09 : 15-16-51 : img/portrait-01.jpeg téléchargé ;
2016-12-09 : 15-16-51 : img/portrait-02.jpeg téléchargé ;
2016-12-09 : 15-16-51 : img/portrait-04.jpeg téléchargé ;
2016-12-09 : 15-16-51 : img/portrait-03.jpeg téléchargé ;
2016-12-09 : 15-16-52 : VIDEOS/nintendo.mp4 téléchargé ;
2016-12-09 : 15-16-56 : VIDEOS/planet-earth.mp4 téléchargé ;
2016-12-09 : 15-21-59 : PLAYER CÔTÉ CINÉ/VIDÉOS/720p/50040 vf fa1.mp4 n'existe pas sur le serveur ;
2016-12-09 : 15-21-59 : PLAYER CÔTÉ CINÉ/IMAGES/FILMS/.JPG n'existe pas sur le serveur ;
2016-12-09 : 15-21-59 : PLAYER CÔTÉ CINÉ/IMAGES/FILMS/46474.JPG n'existe pas sur le serveur ;
2016-12-09 : 15-21-59 : img/images-04-2.jpeg téléchargé ;
2016-12-09 : 16-01-51 : PLAYER CÔTÉ CINÉ/VIDÉOS/720p/50040 vf fa1.mp4 n'existe pas sur le serveur ;
2016-12-09 : 16-01-51 : PLAYER CÔTÉ CINÉ/IMAGES/FILMS/.JPG n'existe pas sur le serveur ;
2016-12-09 : 16-01-52 : PLAYER CÔTÉ CINÉ/IMAGES/FILMS/46474.JPG n'existe pas sur le serveur ;
2016-12-09 : 16-01-52 : VIDEOS/50876 vf fa1.mp4 téléchargé ;
2016-12-09 : 16-01-54 : IMAGES/FILMS/50876.JPG téléchargé ;
2016-12-09 : 16-25-56 : PLAYER CÔTÉ CINÉ/VIDÉOS/720p/50040 vf fa1.mp4 n'existe pas sur le serveur ;
2016-12-09 : 16-25-56 : PLAYER CÔTÉ CINÉ/IMAGES/FILMS/.JPG n'existe pas sur le serveur ;
2016-12-09 : 16-25-57 : PLAYER CÔTÉ CINÉ/IMAGES/FILMS/46474.JPG n'existe pas sur le serveur ;
2016-12-09 : 16-39-26 : PLAYER CÔTÉ CINÉ/VIDÉOS/720p/50040 vf fa1.mp4 n'existe pas sur le serveur ;
2016-12-09 : 16-39-26 : PLAYER CÔTÉ CINÉ/IMAGES/FILMS/.JPG n'existe pas sur le serveur ;
2016-12-09 : 16-39-26 : PLAYER CÔTÉ CINÉ/IMAGES/FILMS/46474.JPG n'existe pas sur le serveur ;
