2016-08-19 : 15-08-22 : PLAYER CÔTÉ CINÉ/VIDÉOS/720p/50040 vf fa1.mp4 n'existe pas sur le serveur ;
2016-08-19 : 15-08-23 : PLAYER CÔTÉ CINÉ/IMAGES/FILMS/.JPG n'existe pas sur le serveur ;
2016-08-19 : 15-08-23 : PLAYER CÔTÉ CINÉ/AUTRES/IMAGES/1920x1080-02.jpeg n'existe pas sur le serveur ;
2016-08-19 : 15-08-24 : PLAYER CÔTÉ CINÉ/AUTRES/IMAGES/portrait-01.jpeg n'existe pas sur le serveur ;
2016-08-19 : 15-08-24 : PLAYER CÔTÉ CINÉ/AUTRES/IMAGES/portrait-02.jpeg n'existe pas sur le serveur ;
2016-08-19 : 15-08-24 : PLAYER CÔTÉ CINÉ/AUTRES/IMAGES/portrait-03.jpeg n'existe pas sur le serveur ;
2016-08-19 : 15-08-24 : PLAYER CÔTÉ CINÉ/AUTRES/IMAGES/portrait-04.jpeg n'existe pas sur le serveur ;
2016-08-19 : 15-08-24 : PLAYER CÔTÉ CINÉ/AUTRES/IMAGES/1920x1080-01.jpeg n'existe pas sur le serveur ;
2016-08-19 : 15-08-24 : PLAYER CÔTÉ CINÉ/AUTRES/VIDÉOS/8mo.mp4 n'existe pas sur le serveur ;
2016-08-19 : 15-08-24 : VIDEOS/51434 vf fa1.mp4 téléchargé ;
2016-08-19 : 15-08-51 : IMAGES/FILMS/51434.JPG téléchargé ;
2016-08-19 : 15-28-14 : PLAYER CÔTÉ CINÉ/VIDÉOS/720p/50040 vf fa1.mp4 n'existe pas sur le serveur ;
2016-08-19 : 15-28-15 : PLAYER CÔTÉ CINÉ/IMAGES/FILMS/.JPG n'existe pas sur le serveur ;
2016-08-19 : 15-28-16 : PLAYER CÔTÉ CINÉ/AUTRES/IMAGES/1920x1080-02.jpeg n'existe pas sur le serveur ;
2016-08-19 : 15-28-16 : PLAYER CÔTÉ CINÉ/AUTRES/IMAGES/portrait-02.jpeg n'existe pas sur le serveur ;
2016-08-19 : 15-28-16 : PLAYER CÔTÉ CINÉ/AUTRES/IMAGES/portrait-01.jpeg n'existe pas sur le serveur ;
2016-08-19 : 15-28-16 : PLAYER CÔTÉ CINÉ/AUTRES/IMAGES/portrait-03.jpeg n'existe pas sur le serveur ;
2016-08-19 : 15-28-16 : PLAYER CÔTÉ CINÉ/AUTRES/IMAGES/portrait-04.jpeg n'existe pas sur le serveur ;
2016-08-19 : 15-28-16 : PLAYER CÔTÉ CINÉ/AUTRES/IMAGES/1920x1080-01.jpeg n'existe pas sur le serveur ;
2016-08-19 : 15-28-16 : PLAYER CÔTÉ CINÉ/AUTRES/VIDÉOS/8mo.mp4 n'existe pas sur le serveur ;
2016-08-19 : 15-45-35 : PLAYER CÔTÉ CINÉ/VIDÉOS/720p/50040 vf fa1.mp4 n'existe pas sur le serveur ;
2016-08-19 : 15-45-36 : PLAYER CÔTÉ CINÉ/IMAGES/FILMS/.JPG n'existe pas sur le serveur ;
2016-08-19 : 15-45-36 : PLAYER CÔTÉ CINÉ/AUTRES/IMAGES/1920x1080-02.jpeg n'existe pas sur le serveur ;
2016-08-19 : 15-45-37 : PLAYER CÔTÉ CINÉ/AUTRES/IMAGES/portrait-01.jpeg n'existe pas sur le serveur ;
2016-08-19 : 15-45-37 : PLAYER CÔTÉ CINÉ/AUTRES/IMAGES/portrait-02.jpeg n'existe pas sur le serveur ;
2016-08-19 : 15-45-37 : PLAYER CÔTÉ CINÉ/AUTRES/IMAGES/portrait-03.jpeg n'existe pas sur le serveur ;
2016-08-19 : 15-45-37 : PLAYER CÔTÉ CINÉ/AUTRES/IMAGES/portrait-04.jpeg n'existe pas sur le serveur ;
2016-08-19 : 15-45-37 : PLAYER CÔTÉ CINÉ/AUTRES/IMAGES/1920x1080-01.jpeg n'existe pas sur le serveur ;
2016-08-19 : 15-45-37 : PLAYER CÔTÉ CINÉ/AUTRES/VIDÉOS/8mo.mp4 n'existe pas sur le serveur ;
2016-08-19 : 16-09-09 : PLAYER CÔTÉ CINÉ/VIDÉOS/720p/50040 vf fa1.mp4 n'existe pas sur le serveur ;
2016-08-19 : 16-09-10 : PLAYER CÔTÉ CINÉ/IMAGES/FILMS/.JPG n'existe pas sur le serveur ;
2016-08-19 : 16-09-10 : AUTRES/IMAGES/1920x1080-02.jpeg n'existe pas sur le serveur ;
2016-08-19 : 16-09-10 : AUTRES/IMAGES/portrait-01.jpeg n'existe pas sur le serveur ;
2016-08-19 : 16-09-10 : AUTRES/IMAGES/portrait-02.jpeg n'existe pas sur le serveur ;
2016-08-19 : 16-09-10 : AUTRES/VIDÉOS/8mo.mp4 n'existe pas sur le serveur ;
rveur ;

2016-08-19 : 16-09-44 : PLAYER CÔTÉ CINÉ/VIDÉOS/720p/50040 vf fa1.mp4 n'existe pas sur le serveur ;
2016-08-19 : 16-09-44 : PLAYER CÔTÉ CINÉ/IMAGES/FILMS/.JPG n'existe pas sur le serveur ;
2016-08-19 : 16-09-45 : AUTRES/IMAGES/1920x1080-02.jpeg n'existe pas sur le serveur ;
2016-08-19 : 16-09-45 : AUTRES/IMAGES/portrait-01.jpeg n'existe pas sur le serveur ;
2016-08-19 : 16-09-45 : AUTRES/IMAGES/portrait-03.jpeg n'existe pas sur le serveur ;
2016-08-19 : 16-09-45 : AUTRES/IMAGES/portrait-02.jpeg n'existe pas sur le serveur ;
2016-08-19 : 16-09-45 : AUTRES/IMAGES/portrait-04.jpeg n'existe pas sur le serveur ;
2016-08-19 : 16-09-45 : AUTRES/IMAGES/1920x1080-01.jpeg n'existe pas sur le serveur ;
2016-08-19 : 16-09-45 : AUTRES/VIDÉOS/8mo.mp4 n'existe pas sur le serveur ;
2016-08-19 : 16-10-46 : PLAYER CÔTÉ CINÉ/VIDÉOS/720p/50040 vf fa1.mp4 n'existe pas sur le serveur ;
2016-08-19 : 16-10-47 : PLAYER CÔTÉ CINÉ/IMAGES/FILMS/.JPG n'existe pas sur le serveur ;
2016-08-19 : 16-10-47 : AUTRES/IMAGES/1920x1080-02.jpeg n'existe pas sur le serveur ;
2016-08-19 : 16-10-47 : AUTRES/IMAGES/portrait-01.jpeg n'existe pas sur le serveur ;
2016-08-19 : 16-10-47 : AUTRES/IMAGES/portrait-02.jpeg n'existe pas sur le serveur ;
2016-08-19 : 16-10-48 : AUTRES/IMAGES/portrait-03.jpeg n'existe pas sur le serveur ;
2016-08-19 : 16-10-48 : AUTRES/IMAGES/portrait-04.jpeg n'existe pas sur le serveur ;
2016-08-19 : 16-10-48 : AUTRES/IMAGES/1920x1080-01.jpeg n'existe pas sur le serveur ;
2016-08-19 : 16-11-31 : PLAYER CÔTÉ CINÉ/VIDÉOS/720p/50040 vf fa1.mp4 n'existe pas sur le serveur ;
2016-08-19 : 16-11-32 : PLAYER CÔTÉ CINÉ/IMAGES/FILMS/.JPG n'existe pas sur le serveur ;
2016-08-19 : 16-11-32 : img/portrait-01.jpeg téléchargé ;
2016-08-19 : 16-11-34 : img/portrait-02.jpeg téléchargé ;
2016-08-19 : 16-11-35 : img/portrait-04.jpeg téléchargé ;
2016-08-19 : 16-11-38 : img/portrait-03.jpeg téléchargé ;
2016-08-19 : 16-12-07 : PLAYER CÔTÉ CINÉ/VIDÉOS/720p/50040 vf fa1.mp4 n'existe pas sur le serveur ;
2016-08-19 : 16-12-08 : PLAYER CÔTÉ CINÉ/IMAGES/FILMS/.JPG n'existe pas sur le serveur ;
2016-08-19 : 16-12-08 : VIDEOS/8mo.mp4 téléchargé ;
2016-08-19 : 16-12-55 : PLAYER CÔTÉ CINÉ/VIDÉOS/720p/50040 vf fa1.mp4 n'existe pas sur le serveur ;
2016-08-19 : 16-12-55 : PLAYER CÔTÉ CINÉ/IMAGES/FILMS/.JPG n'existe pas sur le serveur ;
2016-08-19 : 16-19-01 : PLAYER CÔTÉ CINÉ/VIDÉOS/720p/50040 vf fa1.mp4 n'existe pas sur le serveur ;
2016-08-19 : 16-19-01 : PLAYER CÔTÉ CINÉ/IMAGES/FILMS/.JPG n'existe pas sur le serveur ;
2016-08-19 : 16-19-02 : img/1920x1080-02.jpeg téléchargé ;
2016-08-19 : 16-19-02 : img/portrait-01.jpeg téléchargé ;
2016-08-19 : 16-19-04 : img/portrait-02.jpeg téléchargé ;
2016-08-19 : 16-19-05 : img/portrait-03.jpeg téléchargé ;
2016-08-19 : 16-19-06 : img/portrait-04.jpeg téléchargé ;
2016-08-19 : 16-35-47 : PLAYER CÔTÉ CINÉ/VIDÉOS/720p/50040 vf fa1.mp4 n'existe pas sur le serveur ;
2016-08-19 : 16-35-47 : PLAYER CÔTÉ CINÉ/IMAGES/FILMS/.JPG n'existe pas sur le serveur ;
2016-08-19 : 16-35-48 : VIDEOS/50703 vf fa1.mp4 téléchargé ;
2016-08-19 : 16-36-42 : VIDEOS/50678 vf fa2.mp4 téléchargé ;
2016-08-19 : 16-37-38 : VIDEOS/9097 vo fa1.mp4 téléchargé ;
2016-08-19 : 16-39-17 : VIDEOS/51567 vf fa1.mp4 téléchargé ;
2016-08-19 : 16-40-07 : VIDEOS/51434 vf fa1.mp4 téléchargé ;
2016-08-19 : 16-40-35 : VIDEOS/51491 vo prefa1.mp4 téléchargé ;
2016-08-19 : 16-40-55 : VIDEOS/50702 vo prefa1.mp4 téléchargé ;
2016-08-19 : 16-41-10 : VIDEOS/8mo.mp4 téléchargé ;
2016-08-19 : 16-59-35 : PLAYER CÔTÉ CINÉ/VIDÉOS/720p/50040 vf fa1.mp4 n'existe pas sur le serveur ;
2016-08-19 : 16-59-36 : PLAYER CÔTÉ CINÉ/IMAGES/FILMS/.JPG n'existe pas sur le serveur ;
2016-08-19 : 17-02-31 : PLAYER CÔTÉ CINÉ/VIDÉOS/720p/50040 vf fa1.mp4 n'existe pas sur le serveur ;
2016-08-19 : 17-02-31 : PLAYER CÔTÉ CINÉ/IMAGES/FILMS/.JPG n'existe pas sur le serveur ;
2016-08-19 : 17-30-01 : PLAYER CÔTÉ CINÉ/VIDÉOS/720p/50040 vf fa1.mp4 n'existe pas sur le serveur ;
2016-08-19 : 17-30-02 : PLAYER CÔTÉ CINÉ/IMAGES/FILMS/.JPG n'existe pas sur le serveur ;
2016-08-19 : 17-30-03 : VIDEOS/50703 vf fa1.mp4 téléchargé ;
2016-08-19 : 17-30-57 : VIDEOS/42201 vf fa1.mp4 téléchargé ;
2016-08-19 : 17-31-51 : VIDEOS/9097 vo fa1.mp4 téléchargé ;
2016-08-19 : 17-33-32 : VIDEOS/51567 vf fa1.mp4 téléchargé ;
2016-08-19 : 17-34-21 : VIDEOS/51109 vo prefa1.mp4 téléchargé ;
2016-08-19 : 17-35-02 : VIDEOS/49758 vf prefa1.mp4 téléchargé ;
2016-08-19 : 17-35-18 : VIDEOS/51491 vo prefa1.mp4 téléchargé ;
2016-08-19 : 17-35-37 : VIDEOS/50702 vo prefa1.mp4 téléchargé ;
2016-08-19 : 17-35-52 : VIDEOS/24723675 vf fa2.mp4 téléchargé ;
2016-08-19 : 17-36-42 : VIDEOS/24723726 vf prefa1.mp4 téléchargé ;
2016-08-19 : 17-37-19 : VIDEOS/50753 vf fa1.mp4 téléchargé ;
2016-08-19 : 17-37-39 : VIDEOS/8mo.mp4 téléchargé ;
2016-08-19 : 17-48-49 : PLAYER CÔTÉ CINÉ/VIDÉOS/720p/50040 vf fa1.mp4 n'existe pas sur le serveur ;
2016-08-19 : 17-48-50 : PLAYER CÔTÉ CINÉ/IMAGES/FILMS/.JPG n'existe pas sur le serveur ;
2016-08-19 : 17-48-50 : PLAYER CÔTÉ CINÉ/AUTRES/IMAGES/1920x1080-02.jpeg n'existe pas sur le serveur ;
2016-08-19 : 17-48-50 : PLAYER CÔTÉ CINÉ/AUTRES/IMAGES/portrait-01.jpeg n'existe pas sur le serveur ;
2016-08-19 : 17-48-50 : PLAYER CÔTÉ CINÉ/AUTRES/IMAGES/portrait-02.jpeg n'existe pas sur le serveur ;
2016-08-19 : 17-48-50 : PLAYER CÔTÉ CINÉ/AUTRES/IMAGES/portrait-03.jpeg n'existe pas sur le serveur ;
2016-08-19 : 17-48-50 : PLAYER CÔTÉ CINÉ/AUTRES/VIDÉOS/8mo.mp4 n'existe pas sur le serveur ;
2016-08-19 : 17-48-50 : PLAYER CÔTÉ CINÉ/AUTRES/IMAGES/1920x1080-01.jpeg n'existe pas sur le serveur ;
2016-08-19 : 17-48-50 : PLAYER CÔTÉ CINÉ/AUTRES/IMAGES/portrait-04.jpeg n'existe pas sur le serveur ;
2016-08-19 : 17-49-02 : PLAYER CÔTÉ CINÉ/VIDÉOS/720p/50040 vf fa1.mp4 n'existe pas sur le serveur ;
2016-08-19 : 17-49-03 : PLAYER CÔTÉ CINÉ/IMAGES/FILMS/.JPG n'existe pas sur le serveur ;
2016-08-19 : 18-39-58 : PLAYER CÔTÉ CINÉ/VIDÉOS/720p/50040 vf fa1.mp4 n'existe pas sur le serveur ;
2016-08-19 : 18-39-58 : PLAYER CÔTÉ CINÉ/IMAGES/FILMS/.JPG n'existe pas sur le serveur ;
